Using pre-set license
Built from '2021.1/staging' branch; Version is '2021.1.7f1 (d91830b65d9b) revision 14227504'; Using compiler version '192528614'; Build Type 'Release'
OS: 'Windows 10 Home; OS build 19043.1348; Version 2009; 64bit' Language: 'ko' Physical Memory: 16302 MB
BatchMode: 1, IsHumanControllingUs: 0, StartBugReporterOnCrash: 0, Is64bit: 1, IsPro: 0

 COMMAND LINE ARGUMENTS:
C:\Program Files\Unity\Hub\Editor\2021.1.7f1\Editor\Unity.exe
-adb2
-batchMode
-noUpm
-name
AssetImportWorker0
-projectPath
C:/Users/User/Documents/Unity/Main_Project
-logFile
Logs/AssetImportWorker0.log
-srvPort
54243
Successfully changed project path to: C:/Users/User/Documents/Unity/Main_Project
C:/Users/User/Documents/Unity/Main_Project
Using Asset Import Pipeline V2.
Refreshing native plugins compatible for Editor in 71.50 ms, found 1 plugins.
Preloading 0 native plugins for Editor in 0.00 ms.
Initialize engine version: 2021.1.7f1 (d91830b65d9b)
[Subsystems] Discovering subsystems at path C:/Program Files/Unity/Hub/Editor/2021.1.7f1/Editor/Data/Resources/UnitySubsystems
[Subsystems] Discovering subsystems at path C:/Users/User/Documents/Unity/Main_Project/Assets
GfxDevice: creating device client; threaded=0; jobified=0
Direct3D:
    Version:  Direct3D 11.0 [level 11.1]
    Renderer: NVIDIA GeForce RTX 2080 (ID=0x1e87)
    Vendor:   NVIDIA
    VRAM:     8010 MB
    Driver:   30.0.14.7141
Initialize mono
Mono path[0] = 'C:/Program Files/Unity/Hub/Editor/2021.1.7f1/Editor/Data/Managed'
Mono path[1] = 'C:/Program Files/Unity/Hub/Editor/2021.1.7f1/Editor/Data/MonoBleedingEdge/lib/mono/unityjit'
Mono config path = 'C:/Program Files/Unity/Hub/Editor/2021.1.7f1/Editor/Data/MonoBleedingEdge/etc'
Using monoOptions --debugger-agent=transport=dt_socket,embedding=1,server=y,suspend=n,address=127.0.0.1:56960
Begin MonoManager ReloadAssembly
Registering precompiled unity dll's ...
Register platform support module: C:/Program Files/Unity/Hub/Editor/2021.1.7f1/Editor/Data/PlaybackEngines/WebGLSupport/UnityEditor.WebGL.Extensions.dll
Register platform support module: C:/Program Files/Unity/Hub/Editor/2021.1.7f1/Editor/Data/PlaybackEngines/WindowsStandaloneSupport/UnityEditor.WindowsStandalone.Extensions.dll
Registered in 0.003354 seconds.
Native extension for WindowsStandalone target not found
Native extension for WebGL target not found
Refreshing native plugins compatible for Editor in 88.32 ms, found 1 plugins.
Preloading 0 native plugins for Editor in 0.00 ms.
Mono: successfully reloaded assembly
- Completed reload, in  1.565 seconds
Platform modules already initialized, skipping
Registering precompiled user dll's ...
Registered in 0.003469 seconds.
Begin MonoManager ReloadAssembly
Symbol file LoadedFromMemory doesn't match image C:\Users\User\Documents\Unity\Main_Project\Library\PackageCache\com.unity.visualscripting@1.6.1\Editor\VisualScripting.Core\Dependencies\YamlDotNet\Unity.VisualScripting.YamlDotNet.dll
Symbol file LoadedFromMemory doesn't match image C:\Users\User\Documents\Unity\Main_Project\Library\PackageCache\com.unity.visualscripting@1.6.1\Editor\VisualScripting.Core\Dependencies\DotNetZip\Unity.VisualScripting.IonicZip.dll
Native extension for WindowsStandalone target not found
Native extension for WebGL target not found
Refreshing native plugins compatible for Editor in 0.65 ms, found 1 plugins.
Preloading 0 native plugins for Editor in 0.00 ms.
Mono: successfully reloaded assembly
- Completed reload, in  1.145 seconds
Platform modules already initialized, skipping
========================================================================
Worker process is ready to serve import requests
Launched and connected shader compiler UnityShaderCompiler.exe after 0.05 seconds
Refreshing native plugins compatible for Editor in 0.57 ms, found 1 plugins.
Preloading 0 native plugins for Editor in 0.00 ms.
Unloading 2721 Unused Serialized files (Serialized files now loaded: 0)
System memory in use before: 104.7 MB.
System memory in use after: 104.8 MB.

Unloading 14 unused Assets to reduce memory usage. Loaded Objects now: 3177.
Total: 2.086700 ms (FindLiveObjects: 0.276100 ms CreateObjectMapping: 0.157500 ms MarkObjects: 1.536500 ms  DeleteObjects: 0.115300 ms)

========================================================================
Received Import Request.
  path: Assets/Animation/Enemy.controller
  artifactKey: Guid(dbcf1097b68db624fa63ff9452cc6a7f) Importer(815301076,1909f56bfc062723c751e8b465ee728b)
Start importing Assets/Animation/Enemy.controller using Guid(dbcf1097b68db624fa63ff9452cc6a7f) Importer(815301076,1909f56bfc062723c751e8b465ee728b)  -> (artifact id: '99f48a1c4cd4a19717acebb3cdb2f923') in 0.033702 seconds 
========================================================================
Received Import Request.
  Time since last request: 9.515211 seconds.
  path: Assets/Animation/Enemy A.controller
  artifactKey: Guid(dbcf1097b68db624fa63ff9452cc6a7f) Importer(815301076,1909f56bfc062723c751e8b465ee728b)
Start importing Assets/Animation/Enemy A.controller using Guid(dbcf1097b68db624fa63ff9452cc6a7f) Importer(815301076,1909f56bfc062723c751e8b465ee728b)  -> (artifact id: 'f613adb8ac0f3fd6d9f3a321eab47ede') in 0.014252 seconds 
========================================================================
Received Prepare
Registering precompiled user dll's ...
Registered in 0.003572 seconds.
Begin MonoManager ReloadAssembly
Symbol file LoadedFromMemory doesn't match image C:\Users\User\Documents\Unity\Main_Project\Library\PackageCache\com.unity.visualscripting@1.6.1\Editor\VisualScripting.Core\Dependencies\YamlDotNet\Unity.VisualScripting.YamlDotNet.dll
Symbol file LoadedFromMemory doesn't match image C:\Users\User\Documents\Unity\Main_Project\Library\PackageCache\com.unity.visualscripting@1.6.1\Editor\VisualScripting.Core\Dependencies\DotNetZip\Unity.VisualScripting.IonicZip.dll
Native extension for WindowsStandalone target not found
Native extension for WebGL target not found
Refreshing native plugins compatible for Editor in 0.62 ms, found 1 plugins.
Preloading 0 native plugins for Editor in 0.00 ms.
Mono: successfully reloaded assembly
- Completed reload, in  0.857 seconds
Platform modules already initialized, skipping
Refreshing native plugins compatible for Editor in 1.06 ms, found 1 plugins.
Preloading 0 native plugins for Editor in 0.00 ms.
Unloading 2716 Unused Serialized files (Serialized files now loaded: 0)
System memory in use before: 104.7 MB.
System memory in use after: 104.9 MB.

Unloading 9 unused Assets to reduce memory usage. Loaded Objects now: 3179.
Total: 2.477700 ms (FindLiveObjects: 0.306900 ms CreateObjectMapping: 0.195100 ms MarkObjects: 1.912700 ms  DeleteObjects: 0.062000 ms)

========================================================================
Received Prepare
Registering precompiled user dll's ...
Registered in 0.003502 seconds.
Begin MonoManager ReloadAssembly
Symbol file LoadedFromMemory doesn't match image C:\Users\User\Documents\Unity\Main_Project\Library\PackageCache\com.unity.visualscripting@1.6.1\Editor\VisualScripting.Core\Dependencies\YamlDotNet\Unity.VisualScripting.YamlDotNet.dll
Symbol file LoadedFromMemory doesn't match image C:\Users\User\Documents\Unity\Main_Project\Library\PackageCache\com.unity.visualscripting@1.6.1\Editor\VisualScripting.Core\Dependencies\DotNetZip\Unity.VisualScripting.IonicZip.dll
Native extension for WindowsStandalone target not found
Native extension for WebGL target not found
Refreshing native plugins compatible for Editor in 0.87 ms, found 1 plugins.
Preloading 0 native plugins for Editor in 0.00 ms.
Mono: successfully reloaded assembly
- Completed reload, in  0.927 seconds
Platform modules already initialized, skipping
Refreshing native plugins compatible for Editor in 0.79 ms, found 1 plugins.
Preloading 0 native plugins for Editor in 0.00 ms.
Unloading 2716 Unused Serialized files (Serialized files now loaded: 0)
System memory in use before: 104.7 MB.
System memory in use after: 104.9 MB.

Unloading 9 unused Assets to reduce memory usage. Loaded Objects now: 3181.
Total: 2.582700 ms (FindLiveObjects: 0.350100 ms CreateObjectMapping: 0.248800 ms MarkObjects: 1.902800 ms  DeleteObjects: 0.079300 ms)

========================================================================
Received Prepare
Registering precompiled user dll's ...
Registered in 0.002732 seconds.
Begin MonoManager ReloadAssembly
Symbol file LoadedFromMemory doesn't match image C:\Users\User\Documents\Unity\Main_Project\Library\PackageCache\com.unity.visualscripting@1.6.1\Editor\VisualScripting.Core\Dependencies\YamlDotNet\Unity.VisualScripting.YamlDotNet.dll
Symbol file LoadedFromMemory doesn't match image C:\Users\User\Documents\Unity\Main_Project\Library\PackageCache\com.unity.visualscripting@1.6.1\Editor\VisualScripting.Core\Dependencies\DotNetZip\Unity.VisualScripting.IonicZip.dll
Native extension for WindowsStandalone target not found
Native extension for WebGL target not found
Refreshing native plugins compatible for Editor in 0.78 ms, found 1 plugins.
Preloading 0 native plugins for Editor in 0.00 ms.
Mono: successfully reloaded assembly
- Completed reload, in  0.893 seconds
Platform modules already initialized, skipping
Refreshing native plugins compatible for Editor in 0.49 ms, found 1 plugins.
Preloading 0 native plugins for Editor in 0.00 ms.
Unloading 2716 Unused Serialized files (Serialized files now loaded: 0)
System memory in use before: 104.7 MB.
System memory in use after: 104.9 MB.

Unloading 9 unused Assets to reduce memory usage. Loaded Objects now: 3183.
Total: 1.987400 ms (FindLiveObjects: 0.222000 ms CreateObjectMapping: 0.126800 ms MarkObjects: 1.583200 ms  DeleteObjects: 0.053900 ms)

========================================================================
Received Prepare
Registering precompiled user dll's ...
Registered in 0.003092 seconds.
Begin MonoManager ReloadAssembly
Symbol file LoadedFromMemory doesn't match image C:\Users\User\Documents\Unity\Main_Project\Library\PackageCache\com.unity.visualscripting@1.6.1\Editor\VisualScripting.Core\Dependencies\YamlDotNet\Unity.VisualScripting.YamlDotNet.dll
Symbol file LoadedFromMemory doesn't match image C:\Users\User\Documents\Unity\Main_Project\Library\PackageCache\com.unity.visualscripting@1.6.1\Editor\VisualScripting.Core\Dependencies\DotNetZip\Unity.VisualScripting.IonicZip.dll
Native extension for WindowsStandalone target not found
Native extension for WebGL target not found
Refreshing native plugins compatible for Editor in 0.98 ms, found 1 plugins.
Preloading 0 native plugins for Editor in 0.00 ms.
Mono: successfully reloaded assembly
- Completed reload, in  0.911 seconds
Platform modules already initialized, skipping
Refreshing native plugins compatible for Editor in 0.64 ms, found 1 plugins.
Preloading 0 native plugins for Editor in 0.00 ms.
Unloading 2716 Unused Serialized files (Serialized files now loaded: 0)
System memory in use before: 104.8 MB.
System memory in use after: 105.0 MB.

Unloading 9 unused Assets to reduce memory usage. Loaded Objects now: 3185.
Total: 1.805300 ms (FindLiveObjects: 0.242900 ms CreateObjectMapping: 0.107800 ms MarkObjects: 1.396600 ms  DeleteObjects: 0.056900 ms)

========================================================================
Received Import Request.
  Time since last request: 1075.496979 seconds.
  path: ProjectSettings/TagManager.asset
  artifactKey: Guid(00000000000000003000000000000000) Importer(815301076,1909f56bfc062723c751e8b465ee728b)
Start importing ProjectSettings/TagManager.asset using Guid(00000000000000003000000000000000) Importer(815301076,1909f56bfc062723c751e8b465ee728b)  -> (artifact id: 'a3faf03df5d76a49f06241737aecc46e') in 0.023866 seconds 
========================================================================
Received Prepare
Registering precompiled user dll's ...
Registered in 0.002849 seconds.
Begin MonoManager ReloadAssembly
Symbol file LoadedFromMemory doesn't match image C:\Users\User\Documents\Unity\Main_Project\Library\PackageCache\com.unity.visualscripting@1.6.1\Editor\VisualScripting.Core\Dependencies\YamlDotNet\Unity.VisualScripting.YamlDotNet.dll
Symbol file LoadedFromMemory doesn't match image C:\Users\User\Documents\Unity\Main_Project\Library\PackageCache\com.unity.visualscripting@1.6.1\Editor\VisualScripting.Core\Dependencies\DotNetZip\Unity.VisualScripting.IonicZip.dll
Native extension for WindowsStandalone target not found
Native extension for WebGL target not found
Refreshing native plugins compatible for Editor in 1.15 ms, found 1 plugins.
Preloading 0 native plugins for Editor in 0.00 ms.
Mono: successfully reloaded assembly
- Completed reload, in  0.847 seconds
Platform modules already initialized, skipping
Refreshing native plugins compatible for Editor in 0.58 ms, found 1 plugins.
Preloading 0 native plugins for Editor in 0.00 ms.
Unloading 2716 Unused Serialized files (Serialized files now loaded: 0)
System memory in use before: 104.8 MB.
System memory in use after: 105.0 MB.

Unloading 10 unused Assets to reduce memory usage. Loaded Objects now: 3187.
Total: 1.731400 ms (FindLiveObjects: 0.182500 ms CreateObjectMapping: 0.105800 ms MarkObjects: 1.393800 ms  DeleteObjects: 0.048400 ms)

========================================================================
Received Prepare
Registering precompiled user dll's ...
Registered in 0.002839 seconds.
Begin MonoManager ReloadAssembly
Symbol file LoadedFromMemory doesn't match image C:\Users\User\Documents\Unity\Main_Project\Library\PackageCache\com.unity.visualscripting@1.6.1\Editor\VisualScripting.Core\Dependencies\YamlDotNet\Unity.VisualScripting.YamlDotNet.dll
Symbol file LoadedFromMemory doesn't match image C:\Users\User\Documents\Unity\Main_Project\Library\PackageCache\com.unity.visualscripting@1.6.1\Editor\VisualScripting.Core\Dependencies\DotNetZip\Unity.VisualScripting.IonicZip.dll
Native extension for WindowsStandalone target not found
Native extension for WebGL target not found
Refreshing native plugins compatible for Editor in 0.67 ms, found 1 plugins.
Preloading 0 native plugins for Editor in 0.00 ms.
Mono: successfully reloaded assembly
- Completed reload, in  0.821 seconds
Platform modules already initialized, skipping
Refreshing native plugins compatible for Editor in 0.68 ms, found 1 plugins.
Preloading 0 native plugins for Editor in 0.00 ms.
Unloading 2716 Unused Serialized files (Serialized files now loaded: 0)
System memory in use before: 104.8 MB.
System memory in use after: 105.0 MB.

Unloading 9 unused Assets to reduce memory usage. Loaded Objects now: 3189.
Total: 1.860100 ms (FindLiveObjects: 0.191400 ms CreateObjectMapping: 0.122900 ms MarkObjects: 1.500400 ms  DeleteObjects: 0.044400 ms)

========================================================================
Received Prepare
Registering precompiled user dll's ...
Registered in 0.004435 seconds.
Begin MonoManager ReloadAssembly
Symbol file LoadedFromMemory doesn't match image C:\Users\User\Documents\Unity\Main_Project\Library\PackageCache\com.unity.visualscripting@1.6.1\Editor\VisualScripting.Core\Dependencies\YamlDotNet\Unity.VisualScripting.YamlDotNet.dll
Symbol file LoadedFromMemory doesn't match image C:\Users\User\Documents\Unity\Main_Project\Library\PackageCache\com.unity.visualscripting@1.6.1\Editor\VisualScripting.Core\Dependencies\DotNetZip\Unity.VisualScripting.IonicZip.dll
Native extension for WindowsStandalone target not found
Native extension for WebGL target not found
Refreshing native plugins compatible for Editor in 0.85 ms, found 1 plugins.
Preloading 0 native plugins for Editor in 0.00 ms.
Mono: successfully reloaded assembly
- Completed reload, in  0.824 seconds
Platform modules already initialized, skipping
Refreshing native plugins compatible for Editor in 0.45 ms, found 1 plugins.
Preloading 0 native plugins for Editor in 0.00 ms.
Unloading 2716 Unused Serialized files (Serialized files now loaded: 0)
System memory in use before: 104.8 MB.
System memory in use after: 105.0 MB.

Unloading 9 unused Assets to reduce memory usage. Loaded Objects now: 3191.
Total: 1.918000 ms (FindLiveObjects: 0.195600 ms CreateObjectMapping: 0.125300 ms MarkObjects: 1.531000 ms  DeleteObjects: 0.064700 ms)

========================================================================
Received Prepare
Registering precompiled user dll's ...
Registered in 0.004291 seconds.
Begin MonoManager ReloadAssembly
Symbol file LoadedFromMemory doesn't match image C:\Users\User\Documents\Unity\Main_Project\Library\PackageCache\com.unity.visualscripting@1.6.1\Editor\VisualScripting.Core\Dependencies\YamlDotNet\Unity.VisualScripting.YamlDotNet.dll
Symbol file LoadedFromMemory doesn't match image C:\Users\User\Documents\Unity\Main_Project\Library\PackageCache\com.unity.visualscripting@1.6.1\Editor\VisualScripting.Core\Dependencies\DotNetZip\Unity.VisualScripting.IonicZip.dll
Native extension for WindowsStandalone target not found
Native extension for WebGL target not found
Refreshing native plugins compatible for Editor in 0.51 ms, found 1 plugins.
Preloading 0 native plugins for Editor in 0.00 ms.
Mono: successfully reloaded assembly
- Completed reload, in  0.875 seconds
Platform modules already initialized, skipping
Refreshing native plugins compatible for Editor in 0.86 ms, found 1 plugins.
Preloading 0 native plugins for Editor in 0.00 ms.
Unloading 2716 Unused Serialized files (Serialized files now loaded: 0)
System memory in use before: 104.8 MB.
System memory in use after: 105.0 MB.

Unloading 9 unused Assets to reduce memory usage. Loaded Objects now: 3193.
Total: 2.053000 ms (FindLiveObjects: 0.350400 ms CreateObjectMapping: 0.152500 ms MarkObjects: 1.487700 ms  DeleteObjects: 0.060600 ms)

========================================================================
Received Prepare
Registering precompiled user dll's ...
Registered in 0.002933 seconds.
Begin MonoManager ReloadAssembly
Symbol file LoadedFromMemory doesn't match image C:\Users\User\Documents\Unity\Main_Project\Library\PackageCache\com.unity.visualscripting@1.6.1\Editor\VisualScripting.Core\Dependencies\YamlDotNet\Unity.VisualScripting.YamlDotNet.dll
Symbol file LoadedFromMemory doesn't match image C:\Users\User\Documents\Unity\Main_Project\Library\PackageCache\com.unity.visualscripting@1.6.1\Editor\VisualScripting.Core\Dependencies\DotNetZip\Unity.VisualScripting.IonicZip.dll
Native extension for WindowsStandalone target not found
Native extension for WebGL target not found
Refreshing native plugins compatible for Editor in 0.46 ms, found 1 plugins.
Preloading 0 native plugins for Editor in 0.00 ms.
Mono: successfully reloaded assembly
- Completed reload, in  0.919 seconds
Platform modules already initialized, skipping
Refreshing native plugins compatible for Editor in 0.73 ms, found 1 plugins.
Preloading 0 native plugins for Editor in 0.00 ms.
Unloading 2716 Unused Serialized files (Serialized files now loaded: 0)
System memory in use before: 104.8 MB.
System memory in use after: 105.0 MB.

Unloading 9 unused Assets to reduce memory usage. Loaded Objects now: 3195.
Total: 1.937200 ms (FindLiveObjects: 0.189500 ms CreateObjectMapping: 0.114900 ms MarkObjects: 1.567900 ms  DeleteObjects: 0.063500 ms)

========================================================================
Received Prepare
Registering precompiled user dll's ...
Registered in 0.004210 seconds.
Begin MonoManager ReloadAssembly
Symbol file LoadedFromMemory doesn't match image C:\Users\User\Documents\Unity\Main_Project\Library\PackageCache\com.unity.visualscripting@1.6.1\Editor\VisualScripting.Core\Dependencies\YamlDotNet\Unity.VisualScripting.YamlDotNet.dll
Symbol file LoadedFromMemory doesn't match image C:\Users\User\Documents\Unity\Main_Project\Library\PackageCache\com.unity.visualscripting@1.6.1\Editor\VisualScripting.Core\Dependencies\DotNetZip\Unity.VisualScripting.IonicZip.dll
Native extension for WindowsStandalone target not found
Native extension for WebGL target not found
Refreshing native plugins compatible for Editor in 0.46 ms, found 1 plugins.
Preloading 0 native plugins for Editor in 0.00 ms.
Mono: successfully reloaded assembly
- Completed reload, in  0.852 seconds
Platform modules already initialized, skipping
Refreshing native plugins compatible for Editor in 0.48 ms, found 1 plugins.
Preloading 0 native plugins for Editor in 0.00 ms.
Unloading 2716 Unused Serialized files (Serialized files now loaded: 0)
System memory in use before: 104.8 MB.
System memory in use after: 105.0 MB.

Unloading 9 unused Assets to reduce memory usage. Loaded Objects now: 3197.
Total: 2.121500 ms (FindLiveObjects: 0.297200 ms CreateObjectMapping: 0.125600 ms MarkObjects: 1.642000 ms  DeleteObjects: 0.055700 ms)

========================================================================
Received Prepare
Registering precompiled user dll's ...
Registered in 0.002693 seconds.
Begin MonoManager ReloadAssembly
Symbol file LoadedFromMemory doesn't match image C:\Users\User\Documents\Unity\Main_Project\Library\PackageCache\com.unity.visualscripting@1.6.1\Editor\VisualScripting.Core\Dependencies\YamlDotNet\Unity.VisualScripting.YamlDotNet.dll
Symbol file LoadedFromMemory doesn't match image C:\Users\User\Documents\Unity\Main_Project\Library\PackageCache\com.unity.visualscripting@1.6.1\Editor\VisualScripting.Core\Dependencies\DotNetZip\Unity.VisualScripting.IonicZip.dll
Native extension for WindowsStandalone target not found
Native extension for WebGL target not found
Refreshing native plugins compatible for Editor in 0.51 ms, found 1 plugins.
Preloading 0 native plugins for Editor in 0.00 ms.
Mono: successfully reloaded assembly
- Completed reload, in  0.861 seconds
Platform modules already initialized, skipping
Refreshing native plugins compatible for Editor in 0.46 ms, found 1 plugins.
Preloading 0 native plugins for Editor in 0.00 ms.
Unloading 2716 Unused Serialized files (Serialized files now loaded: 0)
System memory in use before: 104.8 MB.
System memory in use after: 105.0 MB.

Unloading 9 unused Assets to reduce memory usage. Loaded Objects now: 3199.
Total: 1.950500 ms (FindLiveObjects: 0.209300 ms CreateObjectMapping: 0.122500 ms MarkObjects: 1.566200 ms  DeleteObjects: 0.051400 ms)

========================================================================
Received Prepare
Registering precompiled user dll's ...
Registered in 0.002724 seconds.
Begin MonoManager ReloadAssembly
Symbol file LoadedFromMemory doesn't match image C:\Users\User\Documents\Unity\Main_Project\Library\PackageCache\com.unity.visualscripting@1.6.1\Editor\VisualScripting.Core\Dependencies\YamlDotNet\Unity.VisualScripting.YamlDotNet.dll
Symbol file LoadedFromMemory doesn't match image C:\Users\User\Documents\Unity\Main_Project\Library\PackageCache\com.unity.visualscripting@1.6.1\Editor\VisualScripting.Core\Dependencies\DotNetZip\Unity.VisualScripting.IonicZip.dll
Native extension for WindowsStandalone target not found
Native extension for WebGL target not found
Refreshing native plugins compatible for Editor in 0.47 ms, found 1 plugins.
Preloading 0 native plugins for Editor in 0.00 ms.
Mono: successfully reloaded assembly
- Completed reload, in  0.875 seconds
Platform modules already initialized, skipping
Refreshing native plugins compatible for Editor in 0.52 ms, found 1 plugins.
Preloading 0 native plugins for Editor in 0.00 ms.
Unloading 2716 Unused Serialized files (Serialized files now loaded: 0)
System memory in use before: 104.8 MB.
System memory in use after: 105.0 MB.

Unloading 9 unused Assets to reduce memory usage. Loaded Objects now: 3201.
Total: 2.629300 ms (FindLiveObjects: 0.344600 ms CreateObjectMapping: 0.160500 ms MarkObjects: 2.061600 ms  DeleteObjects: 0.061300 ms)

========================================================================
Received Prepare
Registering precompiled user dll's ...
Registered in 0.003822 seconds.
Begin MonoManager ReloadAssembly
Symbol file LoadedFromMemory doesn't match image C:\Users\User\Documents\Unity\Main_Project\Library\PackageCache\com.unity.visualscripting@1.6.1\Editor\VisualScripting.Core\Dependencies\YamlDotNet\Unity.VisualScripting.YamlDotNet.dll
Symbol file LoadedFromMemory doesn't match image C:\Users\User\Documents\Unity\Main_Project\Library\PackageCache\com.unity.visualscripting@1.6.1\Editor\VisualScripting.Core\Dependencies\DotNetZip\Unity.VisualScripting.IonicZip.dll
Native extension for WindowsStandalone target not found
Native extension for WebGL target not found
Refreshing native plugins compatible for Editor in 0.59 ms, found 1 plugins.
Preloading 0 native plugins for Editor in 0.00 ms.
Mono: successfully reloaded assembly
- Completed reload, in  0.841 seconds
Platform modules already initialized, skipping
Refreshing native plugins compatible for Editor in 0.46 ms, found 1 plugins.
Preloading 0 native plugins for Editor in 0.00 ms.
Unloading 2716 Unused Serialized files (Serialized files now loaded: 0)
System memory in use before: 104.8 MB.
System memory in use after: 105.0 MB.

Unloading 9 unused Assets to reduce memory usage. Loaded Objects now: 3203.
Total: 3.516800 ms (FindLiveObjects: 0.416000 ms CreateObjectMapping: 0.244200 ms MarkObjects: 2.769500 ms  DeleteObjects: 0.085500 ms)

========================================================================
Received Prepare
Registering precompiled user dll's ...
Registered in 0.003648 seconds.
Begin MonoManager ReloadAssembly
Symbol file LoadedFromMemory doesn't match image C:\Users\User\Documents\Unity\Main_Project\Library\PackageCache\com.unity.visualscripting@1.6.1\Editor\VisualScripting.Core\Dependencies\YamlDotNet\Unity.VisualScripting.YamlDotNet.dll
Symbol file LoadedFromMemory doesn't match image C:\Users\User\Documents\Unity\Main_Project\Library\PackageCache\com.unity.visualscripting@1.6.1\Editor\VisualScripting.Core\Dependencies\DotNetZip\Unity.VisualScripting.IonicZip.dll
Native extension for WindowsStandalone target not found
Native extension for WebGL target not found
Refreshing native plugins compatible for Editor in 0.50 ms, found 1 plugins.
Preloading 0 native plugins for Editor in 0.00 ms.
Mono: successfully reloaded assembly
- Completed reload, in  0.867 seconds
Platform modules already initialized, skipping
Refreshing native plugins compatible for Editor in 0.55 ms, found 1 plugins.
Preloading 0 native plugins for Editor in 0.00 ms.
Unloading 2716 Unused Serialized files (Serialized files now loaded: 0)
System memory in use before: 104.8 MB.
System memory in use after: 105.0 MB.

Unloading 9 unused Assets to reduce memory usage. Loaded Objects now: 3205.
Total: 1.881000 ms (FindLiveObjects: 0.241200 ms CreateObjectMapping: 0.128100 ms MarkObjects: 1.461700 ms  DeleteObjects: 0.048800 ms)

========================================================================
Received Prepare
Registering precompiled user dll's ...
Registered in 0.002781 seconds.
Begin MonoManager ReloadAssembly
Symbol file LoadedFromMemory doesn't match image C:\Users\User\Documents\Unity\Main_Project\Library\PackageCache\com.unity.visualscripting@1.6.1\Editor\VisualScripting.Core\Dependencies\YamlDotNet\Unity.VisualScripting.YamlDotNet.dll
Symbol file LoadedFromMemory doesn't match image C:\Users\User\Documents\Unity\Main_Project\Library\PackageCache\com.unity.visualscripting@1.6.1\Editor\VisualScripting.Core\Dependencies\DotNetZip\Unity.VisualScripting.IonicZip.dll
Native extension for WindowsStandalone target not found
Native extension for WebGL target not found
Refreshing native plugins compatible for Editor in 0.89 ms, found 1 plugins.
Preloading 0 native plugins for Editor in 0.00 ms.
Mono: successfully reloaded assembly
- Completed reload, in  0.862 seconds
Platform modules already initialized, skipping
Refreshing native plugins compatible for Editor in 0.62 ms, found 1 plugins.
Preloading 0 native plugins for Editor in 0.00 ms.
Unloading 2716 Unused Serialized files (Serialized files now loaded: 0)
System memory in use before: 104.8 MB.
System memory in use after: 105.0 MB.

Unloading 9 unused Assets to reduce memory usage. Loaded Objects now: 3207.
Total: 2.764600 ms (FindLiveObjects: 0.396400 ms CreateObjectMapping: 0.181400 ms MarkObjects: 2.101000 ms  DeleteObjects: 0.084700 ms)

========================================================================
Received Prepare
Registering precompiled user dll's ...
Registered in 0.002930 seconds.
Begin MonoManager ReloadAssembly
Symbol file LoadedFromMemory doesn't match image C:\Users\User\Documents\Unity\Main_Project\Library\PackageCache\com.unity.visualscripting@1.6.1\Editor\VisualScripting.Core\Dependencies\YamlDotNet\Unity.VisualScripting.YamlDotNet.dll
Symbol file LoadedFromMemory doesn't match image C:\Users\User\Documents\Unity\Main_Project\Library\PackageCache\com.unity.visualscripting@1.6.1\Editor\VisualScripting.Core\Dependencies\DotNetZip\Unity.VisualScripting.IonicZip.dll
Native extension for WindowsStandalone target not found
Native extension for WebGL target not found
Refreshing native plugins compatible for Editor in 0.99 ms, found 1 plugins.
Preloading 0 native plugins for Editor in 0.00 ms.
Mono: successfully reloaded assembly
- Completed reload, in  0.862 seconds
Platform modules already initialized, skipping
Refreshing native plugins compatible for Editor in 0.48 ms, found 1 plugins.
Preloading 0 native plugins for Editor in 0.00 ms.
Unloading 2716 Unused Serialized files (Serialized files now loaded: 0)
System memory in use before: 104.8 MB.
System memory in use after: 105.0 MB.

Unloading 9 unused Assets to reduce memory usage. Loaded Objects now: 3209.
Total: 2.693900 ms (FindLiveObjects: 0.268700 ms CreateObjectMapping: 0.146100 ms MarkObjects: 2.191600 ms  DeleteObjects: 0.086000 ms)

========================================================================
Received Prepare
Registering precompiled user dll's ...
Registered in 0.002772 seconds.
Begin MonoManager ReloadAssembly
Symbol file LoadedFromMemory doesn't match image C:\Users\User\Documents\Unity\Main_Project\Library\PackageCache\com.unity.visualscripting@1.6.1\Editor\VisualScripting.Core\Dependencies\YamlDotNet\Unity.VisualScripting.YamlDotNet.dll
Symbol file LoadedFromMemory doesn't match image C:\Users\User\Documents\Unity\Main_Project\Library\PackageCache\com.unity.visualscripting@1.6.1\Editor\VisualScripting.Core\Dependencies\DotNetZip\Unity.VisualScripting.IonicZip.dll
Native extension for WindowsStandalone target not found
Native extension for WebGL target not found
Refreshing native plugins compatible for Editor in 0.78 ms, found 1 plugins.
Preloading 0 native plugins for Editor in 0.00 ms.
Mono: successfully reloaded assembly
- Completed reload, in  0.830 seconds
Platform modules already initialized, skipping
Refreshing native plugins compatible for Editor in 0.56 ms, found 1 plugins.
Preloading 0 native plugins for Editor in 0.00 ms.
Unloading 2716 Unused Serialized files (Serialized files now loaded: 0)
System memory in use before: 104.8 MB.
System memory in use after: 105.0 MB.

Unloading 9 unused Assets to reduce memory usage. Loaded Objects now: 3211.
Total: 1.752800 ms (FindLiveObjects: 0.193600 ms CreateObjectMapping: 0.114600 ms MarkObjects: 1.391600 ms  DeleteObjects: 0.051400 ms)

========================================================================
Received Prepare
Registering precompiled user dll's ...
Registered in 0.002836 seconds.
Begin MonoManager ReloadAssembly
Symbol file LoadedFromMemory doesn't match image C:\Users\User\Documents\Unity\Main_Project\Library\PackageCache\com.unity.visualscripting@1.6.1\Editor\VisualScripting.Core\Dependencies\YamlDotNet\Unity.VisualScripting.YamlDotNet.dll
Symbol file LoadedFromMemory doesn't match image C:\Users\User\Documents\Unity\Main_Project\Library\PackageCache\com.unity.visualscripting@1.6.1\Editor\VisualScripting.Core\Dependencies\DotNetZip\Unity.VisualScripting.IonicZip.dll
Native extension for WindowsStandalone target not found
Native extension for WebGL target not found
Refreshing native plugins compatible for Editor in 0.53 ms, found 1 plugins.
Preloading 0 native plugins for Editor in 0.00 ms.
Mono: successfully reloaded assembly
- Completed reload, in  0.819 seconds
Platform modules already initialized, skipping
Refreshing native plugins compatible for Editor in 0.51 ms, found 1 plugins.
Preloading 0 native plugins for Editor in 0.00 ms.
Unloading 2716 Unused Serialized files (Serialized files now loaded: 0)
System memory in use before: 104.8 MB.
System memory in use after: 105.0 MB.

Unloading 9 unused Assets to reduce memory usage. Loaded Objects now: 3213.
Total: 2.062200 ms (FindLiveObjects: 0.192000 ms CreateObjectMapping: 0.100900 ms MarkObjects: 1.709800 ms  DeleteObjects: 0.058100 ms)

========================================================================
Received Prepare
Registering precompiled user dll's ...
Registered in 0.002820 seconds.
Begin MonoManager ReloadAssembly
Symbol file LoadedFromMemory doesn't match image C:\Users\User\Documents\Unity\Main_Project\Library\PackageCache\com.unity.visualscripting@1.6.1\Editor\VisualScripting.Core\Dependencies\YamlDotNet\Unity.VisualScripting.YamlDotNet.dll
Symbol file LoadedFromMemory doesn't match image C:\Users\User\Documents\Unity\Main_Project\Library\PackageCache\com.unity.visualscripting@1.6.1\Editor\VisualScripting.Core\Dependencies\DotNetZip\Unity.VisualScripting.IonicZip.dll
Native extension for WindowsStandalone target not found
Native extension for WebGL target not found
Refreshing native plugins compatible for Editor in 0.49 ms, found 1 plugins.
Preloading 0 native plugins for Editor in 0.00 ms.
Mono: successfully reloaded assembly
- Completed reload, in  0.790 seconds
Platform modules already initialized, skipping
Refreshing native plugins compatible for Editor in 0.63 ms, found 1 plugins.
Preloading 0 native plugins for Editor in 0.00 ms.
Unloading 2716 Unused Serialized files (Serialized files now loaded: 0)
System memory in use before: 104.8 MB.
System memory in use after: 105.0 MB.

Unloading 9 unused Assets to reduce memory usage. Loaded Objects now: 3215.
Total: 1.714600 ms (FindLiveObjects: 0.185000 ms CreateObjectMapping: 0.105800 ms MarkObjects: 1.373300 ms  DeleteObjects: 0.049600 ms)

========================================================================
Received Import Request.
  Time since last request: 1678.246800 seconds.
  path: Assets/Animation/Enemy B.controller
  artifactKey: Guid(0b22cd73c7fa3e7408c5c23c0ae1e275) Importer(815301076,1909f56bfc062723c751e8b465ee728b)
Start importing Assets/Animation/Enemy B.controller using Guid(0b22cd73c7fa3e7408c5c23c0ae1e275) Importer(815301076,1909f56bfc062723c751e8b465ee728b)  -> (artifact id: '3d86bd0314b4f41250ed430a296be3c1') in 0.025791 seconds 
========================================================================
Received Prepare
Registering precompiled user dll's ...
Registered in 0.002746 seconds.
Begin MonoManager ReloadAssembly
Symbol file LoadedFromMemory doesn't match image C:\Users\User\Documents\Unity\Main_Project\Library\PackageCache\com.unity.visualscripting@1.6.1\Editor\VisualScripting.Core\Dependencies\YamlDotNet\Unity.VisualScripting.YamlDotNet.dll
Symbol file LoadedFromMemory doesn't match image C:\Users\User\Documents\Unity\Main_Project\Library\PackageCache\com.unity.visualscripting@1.6.1\Editor\VisualScripting.Core\Dependencies\DotNetZip\Unity.VisualScripting.IonicZip.dll
Native extension for WindowsStandalone target not found
Native extension for WebGL target not found
Refreshing native plugins compatible for Editor in 0.45 ms, found 1 plugins.
Preloading 0 native plugins for Editor in 0.00 ms.
Mono: successfully reloaded assembly
- Completed reload, in  0.764 seconds
Platform modules already initialized, skipping
Refreshing native plugins compatible for Editor in 0.57 ms, found 1 plugins.
Preloading 0 native plugins for Editor in 0.00 ms.
Unloading 2716 Unused Serialized files (Serialized files now loaded: 0)
System memory in use before: 104.8 MB.
System memory in use after: 105.0 MB.

Unloading 9 unused Assets to reduce memory usage. Loaded Objects now: 3217.
Total: 1.746000 ms (FindLiveObjects: 0.184900 ms CreateObjectMapping: 0.110000 ms MarkObjects: 1.402100 ms  DeleteObjects: 0.048200 ms)

========================================================================
Received Prepare
Registering precompiled user dll's ...
Registered in 0.003238 seconds.
Begin MonoManager ReloadAssembly
Symbol file LoadedFromMemory doesn't match image C:\Users\User\Documents\Unity\Main_Project\Library\PackageCache\com.unity.visualscripting@1.6.1\Editor\VisualScripting.Core\Dependencies\YamlDotNet\Unity.VisualScripting.YamlDotNet.dll
Symbol file LoadedFromMemory doesn't match image C:\Users\User\Documents\Unity\Main_Project\Library\PackageCache\com.unity.visualscripting@1.6.1\Editor\VisualScripting.Core\Dependencies\DotNetZip\Unity.VisualScripting.IonicZip.dll
Native extension for WindowsStandalone target not found
Native extension for WebGL target not found
Refreshing native plugins compatible for Editor in 0.70 ms, found 1 plugins.
Preloading 0 native plugins for Editor in 0.00 ms.
Mono: successfully reloaded assembly
- Completed reload, in  0.860 seconds
Platform modules already initialized, skipping
Refreshing native plugins compatible for Editor in 0.64 ms, found 1 plugins.
Preloading 0 native plugins for Editor in 0.00 ms.
Unloading 2716 Unused Serialized files (Serialized files now loaded: 0)
System memory in use before: 104.9 MB.
System memory in use after: 105.1 MB.

Unloading 9 unused Assets to reduce memory usage. Loaded Objects now: 3219.
Total: 2.413300 ms (FindLiveObjects: 0.236000 ms CreateObjectMapping: 0.140700 ms MarkObjects: 1.971400 ms  DeleteObjects: 0.063000 ms)

========================================================================
Received Prepare
Registering precompiled user dll's ...
Registered in 0.002812 seconds.
Begin MonoManager ReloadAssembly
Symbol file LoadedFromMemory doesn't match image C:\Users\User\Documents\Unity\Main_Project\Library\PackageCache\com.unity.visualscripting@1.6.1\Editor\VisualScripting.Core\Dependencies\YamlDotNet\Unity.VisualScripting.YamlDotNet.dll
Symbol file LoadedFromMemory doesn't match image C:\Users\User\Documents\Unity\Main_Project\Library\PackageCache\com.unity.visualscripting@1.6.1\Editor\VisualScripting.Core\Dependencies\DotNetZip\Unity.VisualScripting.IonicZip.dll
Native extension for WindowsStandalone target not found
Native extension for WebGL target not found
Refreshing native plugins compatible for Editor in 0.72 ms, found 1 plugins.
Preloading 0 native plugins for Editor in 0.00 ms.
Mono: successfully reloaded assembly
- Completed reload, in  0.850 seconds
Platform modules already initialized, skipping
Refreshing native plugins compatible for Editor in 0.53 ms, found 1 plugins.
Preloading 0 native plugins for Editor in 0.00 ms.
Unloading 2716 Unused Serialized files (Serialized files now loaded: 0)
System memory in use before: 104.9 MB.
System memory in use after: 105.0 MB.

Unloading 9 unused Assets to reduce memory usage. Loaded Objects now: 3221.
Total: 1.877100 ms (FindLiveObjects: 0.194100 ms CreateObjectMapping: 0.109200 ms MarkObjects: 1.509000 ms  DeleteObjects: 0.063300 ms)

========================================================================
Received Prepare
Registering precompiled user dll's ...
Registered in 0.002696 seconds.
Begin MonoManager ReloadAssembly
Symbol file LoadedFromMemory doesn't match image C:\Users\User\Documents\Unity\Main_Project\Library\PackageCache\com.unity.visualscripting@1.6.1\Editor\VisualScripting.Core\Dependencies\YamlDotNet\Unity.VisualScripting.YamlDotNet.dll
Symbol file LoadedFromMemory doesn't match image C:\Users\User\Documents\Unity\Main_Project\Library\PackageCache\com.unity.visualscripting@1.6.1\Editor\VisualScripting.Core\Dependencies\DotNetZip\Unity.VisualScripting.IonicZip.dll
Native extension for WindowsStandalone target not found
Native extension for WebGL target not found
Refreshing native plugins compatible for Editor in 1.03 ms, found 1 plugins.
Preloading 0 native plugins for Editor in 0.00 ms.
Mono: successfully reloaded assembly
- Completed reload, in  0.888 seconds
Platform modules already initialized, skipping
Refreshing native plugins compatible for Editor in 1.30 ms, found 1 plugins.
Preloading 0 native plugins for Editor in 0.00 ms.
Unloading 2716 Unused Serialized files (Serialized files now loaded: 0)
System memory in use before: 104.9 MB.
System memory in use after: 105.1 MB.

Unloading 9 unused Assets to reduce memory usage. Loaded Objects now: 3223.
Total: 2.239900 ms (FindLiveObjects: 0.225600 ms CreateObjectMapping: 0.135400 ms MarkObjects: 1.820700 ms  DeleteObjects: 0.057000 ms)

========================================================================
Received Prepare
Registering precompiled user dll's ...
Registered in 0.002733 seconds.
Begin MonoManager ReloadAssembly
Symbol file LoadedFromMemory doesn't match image C:\Users\User\Documents\Unity\Main_Project\Library\PackageCache\com.unity.visualscripting@1.6.1\Editor\VisualScripting.Core\Dependencies\YamlDotNet\Unity.VisualScripting.YamlDotNet.dll
Symbol file LoadedFromMemory doesn't match image C:\Users\User\Documents\Unity\Main_Project\Library\PackageCache\com.unity.visualscripting@1.6.1\Editor\VisualScripting.Core\Dependencies\DotNetZip\Unity.VisualScripting.IonicZip.dll
Native extension for WindowsStandalone target not found
Native extension for WebGL target not found
Refreshing native plugins compatible for Editor in 0.45 ms, found 1 plugins.
Preloading 0 native plugins for Editor in 0.00 ms.
Mono: successfully reloaded assembly
- Completed reload, in  0.768 seconds
Platform modules already initialized, skipping
Refreshing native plugins compatible for Editor in 0.47 ms, found 1 plugins.
Preloading 0 native plugins for Editor in 0.00 ms.
Unloading 2716 Unused Serialized files (Serialized files now loaded: 0)
System memory in use before: 104.9 MB.
System memory in use after: 105.1 MB.

Unloading 9 unused Assets to reduce memory usage. Loaded Objects now: 3225.
Total: 1.910700 ms (FindLiveObjects: 0.194200 ms CreateObjectMapping: 0.148300 ms MarkObjects: 1.520200 ms  DeleteObjects: 0.047500 ms)

========================================================================
Received Prepare
Registering precompiled user dll's ...
Registered in 0.002795 seconds.
Begin MonoManager ReloadAssembly
Symbol file LoadedFromMemory doesn't match image C:\Users\User\Documents\Unity\Main_Project\Library\PackageCache\com.unity.visualscripting@1.6.1\Editor\VisualScripting.Core\Dependencies\YamlDotNet\Unity.VisualScripting.YamlDotNet.dll
Symbol file LoadedFromMemory doesn't match image C:\Users\User\Documents\Unity\Main_Project\Library\PackageCache\com.unity.visualscripting@1.6.1\Editor\VisualScripting.Core\Dependencies\DotNetZip\Unity.VisualScripting.IonicZip.dll
Native extension for WindowsStandalone target not found
Native extension for WebGL target not found
Refreshing native plugins compatible for Editor in 0.46 ms, found 1 plugins.
Preloading 0 native plugins for Editor in 0.00 ms.
Mono: successfully reloaded assembly
- Completed reload, in  0.823 seconds
Platform modules already initialized, skipping
Refreshing native plugins compatible for Editor in 0.55 ms, found 1 plugins.
Preloading 0 native plugins for Editor in 0.00 ms.
Unloading 2716 Unused Serialized files (Serialized files now loaded: 0)
System memory in use before: 104.9 MB.
System memory in use after: 105.1 MB.

Unloading 9 unused Assets to reduce memory usage. Loaded Objects now: 3227.
Total: 2.290400 ms (FindLiveObjects: 0.242000 ms CreateObjectMapping: 0.141800 ms MarkObjects: 1.845800 ms  DeleteObjects: 0.059300 ms)

========================================================================
Received Prepare
Registering precompiled user dll's ...
Registered in 0.003419 seconds.
Begin MonoManager ReloadAssembly
Symbol file LoadedFromMemory doesn't match image C:\Users\User\Documents\Unity\Main_Project\Library\PackageCache\com.unity.visualscripting@1.6.1\Editor\VisualScripting.Core\Dependencies\YamlDotNet\Unity.VisualScripting.YamlDotNet.dll
Symbol file LoadedFromMemory doesn't match image C:\Users\User\Documents\Unity\Main_Project\Library\PackageCache\com.unity.visualscripting@1.6.1\Editor\VisualScripting.Core\Dependencies\DotNetZip\Unity.VisualScripting.IonicZip.dll
Native extension for WindowsStandalone target not found
Native extension for WebGL target not found
Refreshing native plugins compatible for Editor in 0.45 ms, found 1 plugins.
Preloading 0 native plugins for Editor in 0.00 ms.
Mono: successfully reloaded assembly
- Completed reload, in  0.817 seconds
Platform modules already initialized, skipping
Refreshing native plugins compatible for Editor in 0.50 ms, found 1 plugins.
Preloading 0 native plugins for Editor in 0.00 ms.
Unloading 2716 Unused Serialized files (Serialized files now loaded: 0)
System memory in use before: 104.9 MB.
System memory in use after: 105.1 MB.

Unloading 9 unused Assets to reduce memory usage. Loaded Objects now: 3229.
Total: 2.064000 ms (FindLiveObjects: 0.224100 ms CreateObjectMapping: 0.135000 ms MarkObjects: 1.646500 ms  DeleteObjects: 0.057500 ms)

========================================================================
Received Import Request.
  Time since last request: 697.043156 seconds.
  path: Assets/Animation/Enemy A 1.controller
  artifactKey: Guid(383f30ba20d8daa48a51e387cf9e695e) Importer(815301076,1909f56bfc062723c751e8b465ee728b)
Start importing Assets/Animation/Enemy A 1.controller using Guid(383f30ba20d8daa48a51e387cf9e695e) Importer(815301076,1909f56bfc062723c751e8b465ee728b)  -> (artifact id: '6ea0b4f7af3b9077ed909bc4b4670e30') in 0.030116 seconds 
========================================================================
Received Import Request.
  Time since last request: 5.824029 seconds.
  path: Assets/Animation/Enemy B.controller
  artifactKey: Guid(383f30ba20d8daa48a51e387cf9e695e) Importer(815301076,1909f56bfc062723c751e8b465ee728b)
Start importing Assets/Animation/Enemy B.controller using Guid(383f30ba20d8daa48a51e387cf9e695e) Importer(815301076,1909f56bfc062723c751e8b465ee728b)  -> (artifact id: 'd68598648066d0fcc15b6f975376e4df') in 0.005633 seconds 
========================================================================
Received Prepare
Registering precompiled user dll's ...
Registered in 0.003418 seconds.
Begin MonoManager ReloadAssembly
Symbol file LoadedFromMemory doesn't match image C:\Users\User\Documents\Unity\Main_Project\Library\PackageCache\com.unity.visualscripting@1.6.1\Editor\VisualScripting.Core\Dependencies\YamlDotNet\Unity.VisualScripting.YamlDotNet.dll
Symbol file LoadedFromMemory doesn't match image C:\Users\User\Documents\Unity\Main_Project\Library\PackageCache\com.unity.visualscripting@1.6.1\Editor\VisualScripting.Core\Dependencies\DotNetZip\Unity.VisualScripting.IonicZip.dll
Native extension for WindowsStandalone target not found
Native extension for WebGL target not found
Refreshing native plugins compatible for Editor in 0.47 ms, found 1 plugins.
Preloading 0 native plugins for Editor in 0.00 ms.
Mono: successfully reloaded assembly
- Completed reload, in  0.828 seconds
Platform modules already initialized, skipping
Refreshing native plugins compatible for Editor in 0.45 ms, found 1 plugins.
Preloading 0 native plugins for Editor in 0.00 ms.
Unloading 2716 Unused Serialized files (Serialized files now loaded: 0)
System memory in use before: 104.9 MB.
System memory in use after: 105.1 MB.

Unloading 9 unused Assets to reduce memory usage. Loaded Objects now: 3231.
Total: 1.898000 ms (FindLiveObjects: 0.255900 ms CreateObjectMapping: 0.143600 ms MarkObjects: 1.447100 ms  DeleteObjects: 0.050600 ms)

========================================================================
Received Prepare
Registering precompiled user dll's ...
Registered in 0.002905 seconds.
Begin MonoManager ReloadAssembly
Symbol file LoadedFromMemory doesn't match image C:\Users\User\Documents\Unity\Main_Project\Library\PackageCache\com.unity.visualscripting@1.6.1\Editor\VisualScripting.Core\Dependencies\YamlDotNet\Unity.VisualScripting.YamlDotNet.dll
Symbol file LoadedFromMemory doesn't match image C:\Users\User\Documents\Unity\Main_Project\Library\PackageCache\com.unity.visualscripting@1.6.1\Editor\VisualScripting.Core\Dependencies\DotNetZip\Unity.VisualScripting.IonicZip.dll
Native extension for WindowsStandalone target not found
Native extension for WebGL target not found
Refreshing native plugins compatible for Editor in 0.52 ms, found 1 plugins.
Preloading 0 native plugins for Editor in 0.00 ms.
Mono: successfully reloaded assembly
- Completed reload, in  0.869 seconds
Platform modules already initialized, skipping
Refreshing native plugins compatible for Editor in 0.53 ms, found 1 plugins.
Preloading 0 native plugins for Editor in 0.00 ms.
Unloading 2717 Unused Serialized files (Serialized files now loaded: 0)
System memory in use before: 104.9 MB.
System memory in use after: 105.1 MB.

Unloading 9 unused Assets to reduce memory usage. Loaded Objects now: 3234.
Total: 2.206700 ms (FindLiveObjects: 0.288300 ms CreateObjectMapping: 0.149900 ms MarkObjects: 1.713800 ms  DeleteObjects: 0.053300 ms)

========================================================================
Received Import Request.
  Time since last request: 478.905570 seconds.
  path: Assets/Scripts/NewBehaviourScript.cs
  artifactKey: Guid(4ed8692640d17ee459d6a3323de53d6f) Importer(815301076,1909f56bfc062723c751e8b465ee728b)
Start importing Assets/Scripts/NewBehaviourScript.cs using Guid(4ed8692640d17ee459d6a3323de53d6f) Importer(815301076,1909f56bfc062723c751e8b465ee728b)  -> (artifact id: '6c3260d2979bd095de3ef268065d6984') in 0.020307 seconds 
========================================================================
Received Import Request.
  Time since last request: 7.804853 seconds.
  path: Assets/Scripts/Missile.cs
  artifactKey: Guid(4ed8692640d17ee459d6a3323de53d6f) Importer(815301076,1909f56bfc062723c751e8b465ee728b)
Start importing Assets/Scripts/Missile.cs using Guid(4ed8692640d17ee459d6a3323de53d6f) Importer(815301076,1909f56bfc062723c751e8b465ee728b)  -> (artifact id: 'a53a3693f8cc5998b301425b48b32ea7') in 0.009111 seconds 
========================================================================
Received Prepare
Registering precompiled user dll's ...
Registered in 0.003061 seconds.
Begin MonoManager ReloadAssembly
Symbol file LoadedFromMemory doesn't match image C:\Users\User\Documents\Unity\Main_Project\Library\PackageCache\com.unity.visualscripting@1.6.1\Editor\VisualScripting.Core\Dependencies\YamlDotNet\Unity.VisualScripting.YamlDotNet.dll
Symbol file LoadedFromMemory doesn't match image C:\Users\User\Documents\Unity\Main_Project\Library\PackageCache\com.unity.visualscripting@1.6.1\Editor\VisualScripting.Core\Dependencies\DotNetZip\Unity.VisualScripting.IonicZip.dll
Native extension for WindowsStandalone target not found
Native extension for WebGL target not found
Refreshing native plugins compatible for Editor in 0.48 ms, found 1 plugins.
Preloading 0 native plugins for Editor in 0.00 ms.
Mono: successfully reloaded assembly
- Completed reload, in  0.840 seconds
Platform modules already initialized, skipping
Refreshing native plugins compatible for Editor in 0.48 ms, found 1 plugins.
Preloading 0 native plugins for Editor in 0.00 ms.
Unloading 2717 Unused Serialized files (Serialized files now loaded: 0)
System memory in use before: 104.9 MB.
System memory in use after: 105.1 MB.

Unloading 9 unused Assets to reduce memory usage. Loaded Objects now: 3236.
Total: 2.207400 ms (FindLiveObjects: 0.267900 ms CreateObjectMapping: 0.178400 ms MarkObjects: 1.699100 ms  DeleteObjects: 0.060900 ms)

========================================================================
Received Prepare
Registering precompiled user dll's ...
Registered in 0.003303 seconds.
Begin MonoManager ReloadAssembly
Symbol file LoadedFromMemory doesn't match image C:\Users\User\Documents\Unity\Main_Project\Library\PackageCache\com.unity.visualscripting@1.6.1\Editor\VisualScripting.Core\Dependencies\YamlDotNet\Unity.VisualScripting.YamlDotNet.dll
Symbol file LoadedFromMemory doesn't match image C:\Users\User\Documents\Unity\Main_Project\Library\PackageCache\com.unity.visualscripting@1.6.1\Editor\VisualScripting.Core\Dependencies\DotNetZip\Unity.VisualScripting.IonicZip.dll
Native extension for WindowsStandalone target not found
Native extension for WebGL target not found
Refreshing native plugins compatible for Editor in 0.46 ms, found 1 plugins.
Preloading 0 native plugins for Editor in 0.00 ms.
Mono: successfully reloaded assembly
- Completed reload, in  0.806 seconds
Platform modules already initialized, skipping
Refreshing native plugins compatible for Editor in 0.71 ms, found 1 plugins.
Preloading 0 native plugins for Editor in 0.00 ms.
Unloading 2717 Unused Serialized files (Serialized files now loaded: 0)
System memory in use before: 104.9 MB.
System memory in use after: 105.1 MB.

Unloading 9 unused Assets to reduce memory usage. Loaded Objects now: 3238.
Total: 2.163700 ms (FindLiveObjects: 0.297300 ms CreateObjectMapping: 0.179900 ms MarkObjects: 1.627400 ms  DeleteObjects: 0.056800 ms)

========================================================================
Received Import Request.
  Time since last request: 29.296437 seconds.
  path: Assets/Scripts/Missile.cs
  artifactKey: Guid(4ed8692640d17ee459d6a3323de53d6f) Importer(815301076,1909f56bfc062723c751e8b465ee728b)
Start importing Assets/Scripts/Missile.cs using Guid(4ed8692640d17ee459d6a3323de53d6f) Importer(815301076,1909f56bfc062723c751e8b465ee728b)  -> (artifact id: '7150014ae385b166ef249d1ba1a7f15c') in 0.007478 seconds 
========================================================================
Received Prepare
Registering precompiled user dll's ...
Registered in 0.002693 seconds.
Begin MonoManager ReloadAssembly
Symbol file LoadedFromMemory doesn't match image C:\Users\User\Documents\Unity\Main_Project\Library\PackageCache\com.unity.visualscripting@1.6.1\Editor\VisualScripting.Core\Dependencies\YamlDotNet\Unity.VisualScripting.YamlDotNet.dll
Symbol file LoadedFromMemory doesn't match image C:\Users\User\Documents\Unity\Main_Project\Library\PackageCache\com.unity.visualscripting@1.6.1\Editor\VisualScripting.Core\Dependencies\DotNetZip\Unity.VisualScripting.IonicZip.dll
Native extension for WindowsStandalone target not found
Native extension for WebGL target not found
Refreshing native plugins compatible for Editor in 0.61 ms, found 1 plugins.
Preloading 0 native plugins for Editor in 0.00 ms.
Mono: successfully reloaded assembly
- Completed reload, in  0.834 seconds
Platform modules already initialized, skipping
Refreshing native plugins compatible for Editor in 0.75 ms, found 1 plugins.
Preloading 0 native plugins for Editor in 0.00 ms.
Unloading 2717 Unused Serialized files (Serialized files now loaded: 0)
System memory in use before: 104.9 MB.
System memory in use after: 105.1 MB.

Unloading 9 unused Assets to reduce memory usage. Loaded Objects now: 3240.
Total: 2.079200 ms (FindLiveObjects: 0.272200 ms CreateObjectMapping: 0.153200 ms MarkObjects: 1.595800 ms  DeleteObjects: 0.056800 ms)

========================================================================
Received Import Request.
  Time since last request: 614.610763 seconds.
  path: Assets/Prefebs/Missile.prefab
  artifactKey: Guid(57ba83530ef8a894c9f3da6bd42127aa) Importer(815301076,1909f56bfc062723c751e8b465ee728b)
Start importing Assets/Prefebs/Missile.prefab using Guid(57ba83530ef8a894c9f3da6bd42127aa) Importer(815301076,1909f56bfc062723c751e8b465ee728b)  -> (artifact id: '4bb455cb2f6d7545776c7f932ee9c3a3') in 0.098645 seconds 
========================================================================
Received Import Request.
  Time since last request: 14.665653 seconds.
  path: Assets/Prefebs/Missile.prefab
  artifactKey: Guid(57ba83530ef8a894c9f3da6bd42127aa) Importer(815301076,1909f56bfc062723c751e8b465ee728b)
Start importing Assets/Prefebs/Missile.prefab using Guid(57ba83530ef8a894c9f3da6bd42127aa) Importer(815301076,1909f56bfc062723c751e8b465ee728b)  -> (artifact id: '33b5bc370fa1a72fc7aa21a305f07cf5') in 0.011466 seconds 
========================================================================
Received Import Request.
  Time since last request: 29.371395 seconds.
  path: Assets/Prefebs/Missile.prefab
  artifactKey: Guid(57ba83530ef8a894c9f3da6bd42127aa) Importer(815301076,1909f56bfc062723c751e8b465ee728b)
Start importing Assets/Prefebs/Missile.prefab using Guid(57ba83530ef8a894c9f3da6bd42127aa) Importer(815301076,1909f56bfc062723c751e8b465ee728b)  -> (artifact id: '0927ee75048fb3842186cca5793234ea') in 0.014495 seconds 
========================================================================
Received Import Request.
  Time since last request: 19.515657 seconds.
  path: Assets/Prefebs/Missile.prefab
  artifactKey: Guid(57ba83530ef8a894c9f3da6bd42127aa) Importer(815301076,1909f56bfc062723c751e8b465ee728b)
Start importing Assets/Prefebs/Missile.prefab using Guid(57ba83530ef8a894c9f3da6bd42127aa) Importer(815301076,1909f56bfc062723c751e8b465ee728b)  -> (artifact id: 'b34e37284e35a528f87f827c421ab8f1') in 0.013649 seconds 
========================================================================
Received Import Request.
  Time since last request: 10.945665 seconds.
  path: Assets/Prefebs/Missile.prefab
  artifactKey: Guid(57ba83530ef8a894c9f3da6bd42127aa) Importer(815301076,1909f56bfc062723c751e8b465ee728b)
Start importing Assets/Prefebs/Missile.prefab using Guid(57ba83530ef8a894c9f3da6bd42127aa) Importer(815301076,1909f56bfc062723c751e8b465ee728b)  -> (artifact id: '7c79a7e630b81cd4eba7cb9e19f7f893') in 0.016052 seconds 
========================================================================
Received Import Request.
  Time since last request: 4.577137 seconds.
  path: Assets/Prefebs/Missile.prefab
  artifactKey: Guid(57ba83530ef8a894c9f3da6bd42127aa) Importer(815301076,1909f56bfc062723c751e8b465ee728b)
Start importing Assets/Prefebs/Missile.prefab using Guid(57ba83530ef8a894c9f3da6bd42127aa) Importer(815301076,1909f56bfc062723c751e8b465ee728b)  -> (artifact id: '74b71d53d2a86fefd87a39ce53391628') in 0.009608 seconds 
========================================================================
Received Import Request.
  Time since last request: 83.589169 seconds.
  path: Assets/Prefebs/Missile.prefab
  artifactKey: Guid(57ba83530ef8a894c9f3da6bd42127aa) Importer(815301076,1909f56bfc062723c751e8b465ee728b)
Start importing Assets/Prefebs/Missile.prefab using Guid(57ba83530ef8a894c9f3da6bd42127aa) Importer(815301076,1909f56bfc062723c751e8b465ee728b)  -> (artifact id: '24750e725e91cb0314fae214be96a3be') in 0.014724 seconds 
========================================================================
Received Import Request.
  Time since last request: 25.828787 seconds.
  path: Assets/Prefebs/Missile.prefab
  artifactKey: Guid(57ba83530ef8a894c9f3da6bd42127aa) Importer(815301076,1909f56bfc062723c751e8b465ee728b)
Start importing Assets/Prefebs/Missile.prefab using Guid(57ba83530ef8a894c9f3da6bd42127aa) Importer(815301076,1909f56bfc062723c751e8b465ee728b)  -> (artifact id: '8556f0361b607e726d7c3a90dd9c8993') in 0.010985 seconds 
========================================================================
Received Import Request.
  Time since last request: 15.901075 seconds.
  path: Assets/Prefebs/Missile.prefab
  artifactKey: Guid(57ba83530ef8a894c9f3da6bd42127aa) Importer(815301076,1909f56bfc062723c751e8b465ee728b)
Start importing Assets/Prefebs/Missile.prefab using Guid(57ba83530ef8a894c9f3da6bd42127aa) Importer(815301076,1909f56bfc062723c751e8b465ee728b)  -> (artifact id: '433b9c354bfd110110529b7c15654444') in 0.011152 seconds 
========================================================================
Received Import Request.
  Time since last request: 1.385480 seconds.
  path: Assets/Prefebs/Missile.prefab
  artifactKey: Guid(57ba83530ef8a894c9f3da6bd42127aa) Importer(815301076,1909f56bfc062723c751e8b465ee728b)
Start importing Assets/Prefebs/Missile.prefab using Guid(57ba83530ef8a894c9f3da6bd42127aa) Importer(815301076,1909f56bfc062723c751e8b465ee728b)  -> (artifact id: '2098aec32d44f053d73f43c33959793e') in 0.010096 seconds 
========================================================================
Received Import Request.
  Time since last request: 25.509337 seconds.
  path: Assets/Prefebs/Missile.prefab
  artifactKey: Guid(57ba83530ef8a894c9f3da6bd42127aa) Importer(815301076,1909f56bfc062723c751e8b465ee728b)
Start importing Assets/Prefebs/Missile.prefab using Guid(57ba83530ef8a894c9f3da6bd42127aa) Importer(815301076,1909f56bfc062723c751e8b465ee728b)  -> (artifact id: '4db62a2ecb90a81fdbe93de6c48ece58') in 0.010853 seconds 
========================================================================
Received Import Request.
  Time since last request: 25.358767 seconds.
  path: Assets/Prefebs/Missile.prefab
  artifactKey: Guid(57ba83530ef8a894c9f3da6bd42127aa) Importer(815301076,1909f56bfc062723c751e8b465ee728b)
Start importing Assets/Prefebs/Missile.prefab using Guid(57ba83530ef8a894c9f3da6bd42127aa) Importer(815301076,1909f56bfc062723c751e8b465ee728b)  -> (artifact id: 'b2ecef34383f0a3867409a6f986b4d23') in 0.009551 seconds 
========================================================================
Received Import Request.
  Time since last request: 11.983487 seconds.
  path: Assets/Prefebs/Missile.prefab
  artifactKey: Guid(57ba83530ef8a894c9f3da6bd42127aa) Importer(815301076,1909f56bfc062723c751e8b465ee728b)
Start importing Assets/Prefebs/Missile.prefab using Guid(57ba83530ef8a894c9f3da6bd42127aa) Importer(815301076,1909f56bfc062723c751e8b465ee728b)  -> (artifact id: '3cd07388f75553fa10a6542fbb3ed792') in 0.011204 seconds 
========================================================================
Received Import Request.
  Time since last request: 25.290557 seconds.
  path: Assets/Animation/Enemy B 1.controller
  artifactKey: Guid(5e40ff79b9511ba4fad2b8f261ac70e3) Importer(815301076,1909f56bfc062723c751e8b465ee728b)
Start importing Assets/Animation/Enemy B 1.controller using Guid(5e40ff79b9511ba4fad2b8f261ac70e3) Importer(815301076,1909f56bfc062723c751e8b465ee728b)  -> (artifact id: '110773b2a8365d361cf2bf0c535c6160') in 0.009019 seconds 
========================================================================
Received Import Request.
  Time since last request: 7.415897 seconds.
  path: Assets/Animation/Enemy C.controller
  artifactKey: Guid(5e40ff79b9511ba4fad2b8f261ac70e3) Importer(815301076,1909f56bfc062723c751e8b465ee728b)
Start importing Assets/Animation/Enemy C.controller using Guid(5e40ff79b9511ba4fad2b8f261ac70e3) Importer(815301076,1909f56bfc062723c751e8b465ee728b)  -> (artifact id: 'a03187b7e1f33d9794dcc3b2a632fc3c') in 0.008271 seconds 
========================================================================
Received Prepare
Registering precompiled user dll's ...
Registered in 0.002871 seconds.
Begin MonoManager ReloadAssembly
Symbol file LoadedFromMemory doesn't match image C:\Users\User\Documents\Unity\Main_Project\Library\PackageCache\com.unity.visualscripting@1.6.1\Editor\VisualScripting.Core\Dependencies\YamlDotNet\Unity.VisualScripting.YamlDotNet.dll
Symbol file LoadedFromMemory doesn't match image C:\Users\User\Documents\Unity\Main_Project\Library\PackageCache\com.unity.visualscripting@1.6.1\Editor\VisualScripting.Core\Dependencies\DotNetZip\Unity.VisualScripting.IonicZip.dll
Native extension for WindowsStandalone target not found
Native extension for WebGL target not found
Refreshing native plugins compatible for Editor in 0.57 ms, found 1 plugins.
Preloading 0 native plugins for Editor in 0.00 ms.
Mono: successfully reloaded assembly
- Completed reload, in  0.895 seconds
Platform modules already initialized, skipping
Refreshing native plugins compatible for Editor in 0.73 ms, found 1 plugins.
Preloading 0 native plugins for Editor in 0.00 ms.
Unloading 2717 Unused Serialized files (Serialized files now loaded: 0)
System memory in use before: 108.6 MB.
System memory in use after: 108.8 MB.

Unloading 10 unused Assets to reduce memory usage. Loaded Objects now: 3249.
Total: 2.222200 ms (FindLiveObjects: 0.267900 ms CreateObjectMapping: 0.147600 ms MarkObjects: 1.747000 ms  DeleteObjects: 0.058300 ms)

========================================================================
Received Prepare
Registering precompiled user dll's ...
Registered in 0.003311 seconds.
Begin MonoManager ReloadAssembly
Symbol file LoadedFromMemory doesn't match image C:\Users\User\Documents\Unity\Main_Project\Library\PackageCache\com.unity.visualscripting@1.6.1\Editor\VisualScripting.Core\Dependencies\YamlDotNet\Unity.VisualScripting.YamlDotNet.dll
Symbol file LoadedFromMemory doesn't match image C:\Users\User\Documents\Unity\Main_Project\Library\PackageCache\com.unity.visualscripting@1.6.1\Editor\VisualScripting.Core\Dependencies\DotNetZip\Unity.VisualScripting.IonicZip.dll
Native extension for WindowsStandalone target not found
Native extension for WebGL target not found
Refreshing native plugins compatible for Editor in 0.49 ms, found 1 plugins.
Preloading 0 native plugins for Editor in 0.00 ms.
Mono: successfully reloaded assembly
- Completed reload, in  0.848 seconds
Platform modules already initialized, skipping
Refreshing native plugins compatible for Editor in 0.92 ms, found 1 plugins.
Preloading 0 native plugins for Editor in 0.00 ms.
Unloading 2717 Unused Serialized files (Serialized files now loaded: 0)
System memory in use before: 108.6 MB.
System memory in use after: 108.8 MB.

Unloading 9 unused Assets to reduce memory usage. Loaded Objects now: 3251.
Total: 3.716800 ms (FindLiveObjects: 0.242500 ms CreateObjectMapping: 0.142300 ms MarkObjects: 3.244100 ms  DeleteObjects: 0.086300 ms)

========================================================================
Received Prepare
Registering precompiled user dll's ...
Registered in 0.015227 seconds.
Begin MonoManager ReloadAssembly
Symbol file LoadedFromMemory doesn't match image C:\Users\User\Documents\Unity\Main_Project\Library\PackageCache\com.unity.visualscripting@1.6.1\Editor\VisualScripting.Core\Dependencies\YamlDotNet\Unity.VisualScripting.YamlDotNet.dll
Symbol file LoadedFromMemory doesn't match image C:\Users\User\Documents\Unity\Main_Project\Library\PackageCache\com.unity.visualscripting@1.6.1\Editor\VisualScripting.Core\Dependencies\DotNetZip\Unity.VisualScripting.IonicZip.dll
Native extension for WindowsStandalone target not found
Native extension for WebGL target not found
Refreshing native plugins compatible for Editor in 0.55 ms, found 1 plugins.
Preloading 0 native plugins for Editor in 0.00 ms.
Mono: successfully reloaded assembly
- Completed reload, in  0.815 seconds
Platform modules already initialized, skipping
Refreshing native plugins compatible for Editor in 0.45 ms, found 1 plugins.
Preloading 0 native plugins for Editor in 0.00 ms.
Unloading 2717 Unused Serialized files (Serialized files now loaded: 0)
System memory in use before: 108.6 MB.
System memory in use after: 108.8 MB.

Unloading 9 unused Assets to reduce memory usage. Loaded Objects now: 3253.
Total: 2.170900 ms (FindLiveObjects: 0.199700 ms CreateObjectMapping: 0.110700 ms MarkObjects: 1.800600 ms  DeleteObjects: 0.059100 ms)

========================================================================
Received Import Request.
  Time since last request: 511.611517 seconds.
  path: Assets/Prefebs/Missile.prefab
  artifactKey: Guid(57ba83530ef8a894c9f3da6bd42127aa) Importer(815301076,1909f56bfc062723c751e8b465ee728b)
Start importing Assets/Prefebs/Missile.prefab using Guid(57ba83530ef8a894c9f3da6bd42127aa) Importer(815301076,1909f56bfc062723c751e8b465ee728b)  -> (artifact id: 'b051bc06692cf9d26d2cef88f66787c7') in 0.057723 seconds 
========================================================================
Received Prepare
Registering precompiled user dll's ...
Registered in 0.003792 seconds.
Begin MonoManager ReloadAssembly
Symbol file LoadedFromMemory doesn't match image C:\Users\User\Documents\Unity\Main_Project\Library\PackageCache\com.unity.visualscripting@1.6.1\Editor\VisualScripting.Core\Dependencies\YamlDotNet\Unity.VisualScripting.YamlDotNet.dll
Symbol file LoadedFromMemory doesn't match image C:\Users\User\Documents\Unity\Main_Project\Library\PackageCache\com.unity.visualscripting@1.6.1\Editor\VisualScripting.Core\Dependencies\DotNetZip\Unity.VisualScripting.IonicZip.dll
Native extension for WindowsStandalone target not found
Native extension for WebGL target not found
Refreshing native plugins compatible for Editor in 0.51 ms, found 1 plugins.
Preloading 0 native plugins for Editor in 0.00 ms.
Mono: successfully reloaded assembly
- Completed reload, in  0.828 seconds
Platform modules already initialized, skipping
Refreshing native plugins compatible for Editor in 0.52 ms, found 1 plugins.
Preloading 0 native plugins for Editor in 0.00 ms.
Unloading 2717 Unused Serialized files (Serialized files now loaded: 0)
System memory in use before: 108.6 MB.
System memory in use after: 108.8 MB.

Unloading 10 unused Assets to reduce memory usage. Loaded Objects now: 3256.
Total: 2.188900 ms (FindLiveObjects: 0.190600 ms CreateObjectMapping: 0.115100 ms MarkObjects: 1.822600 ms  DeleteObjects: 0.059500 ms)

========================================================================
Received Import Request.
  Time since last request: 69.517997 seconds.
  path: Assets/Prefebs/Missile.prefab
  artifactKey: Guid(57ba83530ef8a894c9f3da6bd42127aa) Importer(815301076,1909f56bfc062723c751e8b465ee728b)
Start importing Assets/Prefebs/Missile.prefab using Guid(57ba83530ef8a894c9f3da6bd42127aa) Importer(815301076,1909f56bfc062723c751e8b465ee728b)  -> (artifact id: 'b0eaf2d23285193d5bec4146ae815892') in 0.054954 seconds 
========================================================================
Received Prepare
Registering precompiled user dll's ...
Registered in 0.003584 seconds.
Begin MonoManager ReloadAssembly
Symbol file LoadedFromMemory doesn't match image C:\Users\User\Documents\Unity\Main_Project\Library\PackageCache\com.unity.visualscripting@1.6.1\Editor\VisualScripting.Core\Dependencies\YamlDotNet\Unity.VisualScripting.YamlDotNet.dll
Symbol file LoadedFromMemory doesn't match image C:\Users\User\Documents\Unity\Main_Project\Library\PackageCache\com.unity.visualscripting@1.6.1\Editor\VisualScripting.Core\Dependencies\DotNetZip\Unity.VisualScripting.IonicZip.dll
Native extension for WindowsStandalone target not found
Native extension for WebGL target not found
Refreshing native plugins compatible for Editor in 0.99 ms, found 1 plugins.
Preloading 0 native plugins for Editor in 0.00 ms.
Mono: successfully reloaded assembly
- Completed reload, in  0.911 seconds
Platform modules already initialized, skipping
Refreshing native plugins compatible for Editor in 0.49 ms, found 1 plugins.
Preloading 0 native plugins for Editor in 0.00 ms.
Unloading 2717 Unused Serialized files (Serialized files now loaded: 0)
System memory in use before: 108.7 MB.
System memory in use after: 108.8 MB.

Unloading 10 unused Assets to reduce memory usage. Loaded Objects now: 3259.
Total: 1.983500 ms (FindLiveObjects: 0.226200 ms CreateObjectMapping: 0.137100 ms MarkObjects: 1.567200 ms  DeleteObjects: 0.052200 ms)

========================================================================
Received Import Request.
  Time since last request: 125.383128 seconds.
  path: Assets/Prefebs/Missile.prefab
  artifactKey: Guid(57ba83530ef8a894c9f3da6bd42127aa) Importer(815301076,1909f56bfc062723c751e8b465ee728b)
Start importing Assets/Prefebs/Missile.prefab using Guid(57ba83530ef8a894c9f3da6bd42127aa) Importer(815301076,1909f56bfc062723c751e8b465ee728b)  -> (artifact id: 'be55ca69341b60fce57f34dfb856f1b0') in 0.064050 seconds 
========================================================================
Received Import Request.
  Time since last request: 16.537124 seconds.
  path: Assets/Prefebs/Missile.prefab
  artifactKey: Guid(57ba83530ef8a894c9f3da6bd42127aa) Importer(815301076,1909f56bfc062723c751e8b465ee728b)
Start importing Assets/Prefebs/Missile.prefab using Guid(57ba83530ef8a894c9f3da6bd42127aa) Importer(815301076,1909f56bfc062723c751e8b465ee728b)  -> (artifact id: 'caaba79b9ec70d13fbcbef78aafdb7a6') in 0.010634 seconds 
========================================================================
Received Import Request.
  Time since last request: 5.256823 seconds.
  path: Assets/Prefebs/Missile.prefab
  artifactKey: Guid(57ba83530ef8a894c9f3da6bd42127aa) Importer(815301076,1909f56bfc062723c751e8b465ee728b)
Start importing Assets/Prefebs/Missile.prefab using Guid(57ba83530ef8a894c9f3da6bd42127aa) Importer(815301076,1909f56bfc062723c751e8b465ee728b)  -> (artifact id: '74ca31ca7dbe9b48f7433e568a265006') in 0.010005 seconds 
========================================================================
Received Import Request.
  Time since last request: 2.435975 seconds.
  path: Assets/Prefebs/Missile.prefab
  artifactKey: Guid(57ba83530ef8a894c9f3da6bd42127aa) Importer(815301076,1909f56bfc062723c751e8b465ee728b)
Start importing Assets/Prefebs/Missile.prefab using Guid(57ba83530ef8a894c9f3da6bd42127aa) Importer(815301076,1909f56bfc062723c751e8b465ee728b)  -> (artifact id: '20d5eb04bd886ef9fed876884a3e237c') in 0.008085 seconds 
========================================================================
Received Import Request.
  Time since last request: 3.038373 seconds.
  path: Assets/Prefebs/Missile.prefab
  artifactKey: Guid(57ba83530ef8a894c9f3da6bd42127aa) Importer(815301076,1909f56bfc062723c751e8b465ee728b)
Start importing Assets/Prefebs/Missile.prefab using Guid(57ba83530ef8a894c9f3da6bd42127aa) Importer(815301076,1909f56bfc062723c751e8b465ee728b)  -> (artifact id: 'b2637543e55d061f7c79f4cc18167f7c') in 0.009626 seconds 
========================================================================
Received Import Request.
  Time since last request: 4.233886 seconds.
  path: Assets/Prefebs/Missile.prefab
  artifactKey: Guid(57ba83530ef8a894c9f3da6bd42127aa) Importer(815301076,1909f56bfc062723c751e8b465ee728b)
Start importing Assets/Prefebs/Missile.prefab using Guid(57ba83530ef8a894c9f3da6bd42127aa) Importer(815301076,1909f56bfc062723c751e8b465ee728b)  -> (artifact id: '6226ff9efc89042121f3e06b1f03017b') in 0.008664 seconds 
========================================================================
Received Import Request.
  Time since last request: 1.802036 seconds.
  path: Assets/Prefebs/Missile.prefab
  artifactKey: Guid(57ba83530ef8a894c9f3da6bd42127aa) Importer(815301076,1909f56bfc062723c751e8b465ee728b)
Start importing Assets/Prefebs/Missile.prefab using Guid(57ba83530ef8a894c9f3da6bd42127aa) Importer(815301076,1909f56bfc062723c751e8b465ee728b)  -> (artifact id: '1e746d8e7f4ff02e87391440633331be') in 0.008716 seconds 
========================================================================
Received Import Request.
  Time since last request: 12.329430 seconds.
  path: Assets/Prefebs/Missile.prefab
  artifactKey: Guid(57ba83530ef8a894c9f3da6bd42127aa) Importer(815301076,1909f56bfc062723c751e8b465ee728b)
Start importing Assets/Prefebs/Missile.prefab using Guid(57ba83530ef8a894c9f3da6bd42127aa) Importer(815301076,1909f56bfc062723c751e8b465ee728b)  -> (artifact id: '7bad5336425226326f7b580e3b26b4a0') in 0.008817 seconds 
========================================================================
Received Import Request.
  Time since last request: 5.671004 seconds.
  path: Assets/Prefebs/Missile.prefab
  artifactKey: Guid(57ba83530ef8a894c9f3da6bd42127aa) Importer(815301076,1909f56bfc062723c751e8b465ee728b)
Start importing Assets/Prefebs/Missile.prefab using Guid(57ba83530ef8a894c9f3da6bd42127aa) Importer(815301076,1909f56bfc062723c751e8b465ee728b)  -> (artifact id: 'f986e6d61bda400fd7db661dbefcff2f') in 0.009959 seconds 
========================================================================
Received Prepare
Registering precompiled user dll's ...
Registered in 0.002795 seconds.
Begin MonoManager ReloadAssembly
Symbol file LoadedFromMemory doesn't match image C:\Users\User\Documents\Unity\Main_Project\Library\PackageCache\com.unity.visualscripting@1.6.1\Editor\VisualScripting.Core\Dependencies\YamlDotNet\Unity.VisualScripting.YamlDotNet.dll
Symbol file LoadedFromMemory doesn't match image C:\Users\User\Documents\Unity\Main_Project\Library\PackageCache\com.unity.visualscripting@1.6.1\Editor\VisualScripting.Core\Dependencies\DotNetZip\Unity.VisualScripting.IonicZip.dll
Native extension for WindowsStandalone target not found
Native extension for WebGL target not found
Refreshing native plugins compatible for Editor in 0.54 ms, found 1 plugins.
Preloading 0 native plugins for Editor in 0.00 ms.
Mono: successfully reloaded assembly
- Completed reload, in  0.844 seconds
Platform modules already initialized, skipping
Refreshing native plugins compatible for Editor in 0.54 ms, found 1 plugins.
Preloading 0 native plugins for Editor in 0.00 ms.
Unloading 2717 Unused Serialized files (Serialized files now loaded: 0)
System memory in use before: 108.7 MB.
System memory in use after: 108.9 MB.

Unloading 10 unused Assets to reduce memory usage. Loaded Objects now: 3262.
Total: 1.649600 ms (FindLiveObjects: 0.187900 ms CreateObjectMapping: 0.105900 ms MarkObjects: 1.302600 ms  DeleteObjects: 0.052000 ms)

========================================================================
Received Prepare
Registering precompiled user dll's ...
Registered in 0.004019 seconds.
Begin MonoManager ReloadAssembly
Symbol file LoadedFromMemory doesn't match image C:\Users\User\Documents\Unity\Main_Project\Library\PackageCache\com.unity.visualscripting@1.6.1\Editor\VisualScripting.Core\Dependencies\YamlDotNet\Unity.VisualScripting.YamlDotNet.dll
Symbol file LoadedFromMemory doesn't match image C:\Users\User\Documents\Unity\Main_Project\Library\PackageCache\com.unity.visualscripting@1.6.1\Editor\VisualScripting.Core\Dependencies\DotNetZip\Unity.VisualScripting.IonicZip.dll
Native extension for WindowsStandalone target not found
Native extension for WebGL target not found
Refreshing native plugins compatible for Editor in 0.48 ms, found 1 plugins.
Preloading 0 native plugins for Editor in 0.00 ms.
Mono: successfully reloaded assembly
- Completed reload, in  0.872 seconds
Platform modules already initialized, skipping
Refreshing native plugins compatible for Editor in 0.78 ms, found 1 plugins.
Preloading 0 native plugins for Editor in 0.00 ms.
Unloading 2717 Unused Serialized files (Serialized files now loaded: 0)
System memory in use before: 108.7 MB.
System memory in use after: 108.9 MB.

Unloading 9 unused Assets to reduce memory usage. Loaded Objects now: 3264.
Total: 2.556700 ms (FindLiveObjects: 0.227300 ms CreateObjectMapping: 0.125800 ms MarkObjects: 2.116500 ms  DeleteObjects: 0.085600 ms)

========================================================================
Received Prepare
Registering precompiled user dll's ...
Registered in 0.002920 seconds.
Begin MonoManager ReloadAssembly
Symbol file LoadedFromMemory doesn't match image C:\Users\User\Documents\Unity\Main_Project\Library\PackageCache\com.unity.visualscripting@1.6.1\Editor\VisualScripting.Core\Dependencies\YamlDotNet\Unity.VisualScripting.YamlDotNet.dll
Symbol file LoadedFromMemory doesn't match image C:\Users\User\Documents\Unity\Main_Project\Library\PackageCache\com.unity.visualscripting@1.6.1\Editor\VisualScripting.Core\Dependencies\DotNetZip\Unity.VisualScripting.IonicZip.dll
Native extension for WindowsStandalone target not found
Native extension for WebGL target not found
Refreshing native plugins compatible for Editor in 0.48 ms, found 1 plugins.
Preloading 0 native plugins for Editor in 0.00 ms.
Mono: successfully reloaded assembly
- Completed reload, in  0.809 seconds
Platform modules already initialized, skipping
Refreshing native plugins compatible for Editor in 0.53 ms, found 1 plugins.
Preloading 0 native plugins for Editor in 0.00 ms.
Unloading 2717 Unused Serialized files (Serialized files now loaded: 0)
System memory in use before: 108.7 MB.
System memory in use after: 108.9 MB.

Unloading 9 unused Assets to reduce memory usage. Loaded Objects now: 3266.
Total: 2.100800 ms (FindLiveObjects: 0.277200 ms CreateObjectMapping: 0.182700 ms MarkObjects: 1.579900 ms  DeleteObjects: 0.059800 ms)

========================================================================
Received Prepare
Registering precompiled user dll's ...
Registered in 0.002809 seconds.
Begin MonoManager ReloadAssembly
Symbol file LoadedFromMemory doesn't match image C:\Users\User\Documents\Unity\Main_Project\Library\PackageCache\com.unity.visualscripting@1.6.1\Editor\VisualScripting.Core\Dependencies\YamlDotNet\Unity.VisualScripting.YamlDotNet.dll
Symbol file LoadedFromMemory doesn't match image C:\Users\User\Documents\Unity\Main_Project\Library\PackageCache\com.unity.visualscripting@1.6.1\Editor\VisualScripting.Core\Dependencies\DotNetZip\Unity.VisualScripting.IonicZip.dll
Native extension for WindowsStandalone target not found
Native extension for WebGL target not found
Refreshing native plugins compatible for Editor in 0.58 ms, found 1 plugins.
Preloading 0 native plugins for Editor in 0.00 ms.
Mono: successfully reloaded assembly
- Completed reload, in  0.837 seconds
Platform modules already initialized, skipping
Refreshing native plugins compatible for Editor in 0.63 ms, found 1 plugins.
Preloading 0 native plugins for Editor in 0.00 ms.
Unloading 2717 Unused Serialized files (Serialized files now loaded: 0)
System memory in use before: 108.7 MB.
System memory in use after: 108.9 MB.

Unloading 9 unused Assets to reduce memory usage. Loaded Objects now: 3268.
Total: 4.259500 ms (FindLiveObjects: 0.344200 ms CreateObjectMapping: 0.203800 ms MarkObjects: 3.632300 ms  DeleteObjects: 0.077700 ms)

========================================================================
Received Import Request.
  Time since last request: 721.033087 seconds.
  path: Assets/Prefebs/Missile.prefab
  artifactKey: Guid(57ba83530ef8a894c9f3da6bd42127aa) Importer(815301076,1909f56bfc062723c751e8b465ee728b)
Start importing Assets/Prefebs/Missile.prefab using Guid(57ba83530ef8a894c9f3da6bd42127aa) Importer(815301076,1909f56bfc062723c751e8b465ee728b)  -> (artifact id: '7944b7a6541f0a9c5f3fc432fd83be8b') in 0.083231 seconds 
========================================================================
Received Import Request.
  Time since last request: 0.000151 seconds.
  path: Assets/Prefebs/Bullet SubMachineGun.prefab
  artifactKey: Guid(80515da38f240a2418b3e419a37848a1) Importer(815301076,1909f56bfc062723c751e8b465ee728b)
Start importing Assets/Prefebs/Bullet SubMachineGun.prefab using Guid(80515da38f240a2418b3e419a37848a1) Importer(815301076,1909f56bfc062723c751e8b465ee728b)  -> (artifact id: 'a259029519ca4726a31e0c31326a1414') in 0.008736 seconds 
========================================================================
Received Import Request.
  Time since last request: 0.000295 seconds.
  path: Assets/Prefebs/Bullet HandGun.prefab
  artifactKey: Guid(87741a69f6d27124dae4cddf574f63dc) Importer(815301076,1909f56bfc062723c751e8b465ee728b)
Start importing Assets/Prefebs/Bullet HandGun.prefab using Guid(87741a69f6d27124dae4cddf574f63dc) Importer(815301076,1909f56bfc062723c751e8b465ee728b)  -> (artifact id: '97d3a8140c3550a959a6058f9d257707') in 0.010054 seconds 
========================================================================
Received Import Request.
  Time since last request: 189.111826 seconds.
  path: Assets/Prefebs/Enemy A.prefab
  artifactKey: Guid(12b6868db60e8874d888c1b2e097365e) Importer(815301076,1909f56bfc062723c751e8b465ee728b)
Start importing Assets/Prefebs/Enemy A.prefab using Guid(12b6868db60e8874d888c1b2e097365e) Importer(815301076,1909f56bfc062723c751e8b465ee728b)  -> (artifact id: '18521f899d599b73f69a221b52f31510') in 0.028828 seconds 
========================================================================
Received Import Request.
  Time since last request: 2.689231 seconds.
  path: Assets/Prefebs/Enemy B.prefab
  artifactKey: Guid(b87bc2beddfd5fd4a95fe6abfe08d188) Importer(815301076,1909f56bfc062723c751e8b465ee728b)
Start importing Assets/Prefebs/Enemy B.prefab using Guid(b87bc2beddfd5fd4a95fe6abfe08d188) Importer(815301076,1909f56bfc062723c751e8b465ee728b)  -> (artifact id: '739feb1c87a185831952392fda64401a') in 0.016355 seconds 
========================================================================
Received Import Request.
  Time since last request: 2.397638 seconds.
  path: Assets/Prefebs/Enemy C.prefab
  artifactKey: Guid(345fb2f7b3e230249a3f0c4afd64aaaf) Importer(815301076,1909f56bfc062723c751e8b465ee728b)
Start importing Assets/Prefebs/Enemy C.prefab using Guid(345fb2f7b3e230249a3f0c4afd64aaaf) Importer(815301076,1909f56bfc062723c751e8b465ee728b)  -> (artifact id: '9782ca758c3f10b5e8323ac761da306a') in 0.018393 seconds 
========================================================================
Received Import Request.
  Time since last request: 12.231451 seconds.
  path: Assets/Prefebs/Enemy A.prefab
  artifactKey: Guid(12b6868db60e8874d888c1b2e097365e) Importer(815301076,1909f56bfc062723c751e8b465ee728b)
Start importing Assets/Prefebs/Enemy A.prefab using Guid(12b6868db60e8874d888c1b2e097365e) Importer(815301076,1909f56bfc062723c751e8b465ee728b)  -> (artifact id: '762a2f54d4cf0063205de12d03546025') in 0.013378 seconds 
========================================================================
Received Import Request.
  Time since last request: 14.958075 seconds.
  path: Assets/Prefebs/Enemy B.prefab
  artifactKey: Guid(b87bc2beddfd5fd4a95fe6abfe08d188) Importer(815301076,1909f56bfc062723c751e8b465ee728b)
Start importing Assets/Prefebs/Enemy B.prefab using Guid(b87bc2beddfd5fd4a95fe6abfe08d188) Importer(815301076,1909f56bfc062723c751e8b465ee728b)  -> (artifact id: '48a50471a59e3b75075dda3e231ddd86') in 0.010576 seconds 
========================================================================
Received Import Request.
  Time since last request: 12.518221 seconds.
  path: Assets/Prefebs/Enemy C.prefab
  artifactKey: Guid(345fb2f7b3e230249a3f0c4afd64aaaf) Importer(815301076,1909f56bfc062723c751e8b465ee728b)
Start importing Assets/Prefebs/Enemy C.prefab using Guid(345fb2f7b3e230249a3f0c4afd64aaaf) Importer(815301076,1909f56bfc062723c751e8b465ee728b)  -> (artifact id: '944ad695f82f4ec9bb0e64208cfa4cd0') in 0.013739 seconds 
========================================================================
Received Import Request.
  Time since last request: 1.574763 seconds.
  path: Assets/Prefebs/Enemy C.prefab
  artifactKey: Guid(345fb2f7b3e230249a3f0c4afd64aaaf) Importer(815301076,1909f56bfc062723c751e8b465ee728b)
Start importing Assets/Prefebs/Enemy C.prefab using Guid(345fb2f7b3e230249a3f0c4afd64aaaf) Importer(815301076,1909f56bfc062723c751e8b465ee728b)  -> (artifact id: '8f4d66376c65716e40dab880f122cbf4') in 0.014900 seconds 
========================================================================
Received Prepare
Registering precompiled user dll's ...
Registered in 0.004957 seconds.
Begin MonoManager ReloadAssembly
Symbol file LoadedFromMemory doesn't match image C:\Users\User\Documents\Unity\Main_Project\Library\PackageCache\com.unity.visualscripting@1.6.1\Editor\VisualScripting.Core\Dependencies\YamlDotNet\Unity.VisualScripting.YamlDotNet.dll
Symbol file LoadedFromMemory doesn't match image C:\Users\User\Documents\Unity\Main_Project\Library\PackageCache\com.unity.visualscripting@1.6.1\Editor\VisualScripting.Core\Dependencies\DotNetZip\Unity.VisualScripting.IonicZip.dll
Native extension for WindowsStandalone target not found
Native extension for WebGL target not found
Refreshing native plugins compatible for Editor in 0.51 ms, found 1 plugins.
Preloading 0 native plugins for Editor in 0.00 ms.
Mono: successfully reloaded assembly
- Completed reload, in  0.893 seconds
Platform modules already initialized, skipping
Refreshing native plugins compatible for Editor in 0.48 ms, found 1 plugins.
Preloading 0 native plugins for Editor in 0.00 ms.
Unloading 2717 Unused Serialized files (Serialized files now loaded: 0)
System memory in use before: 108.9 MB.
System memory in use after: 109.0 MB.

Unloading 10 unused Assets to reduce memory usage. Loaded Objects now: 3271.
Total: 2.054800 ms (FindLiveObjects: 0.206700 ms CreateObjectMapping: 0.109000 ms MarkObjects: 1.677700 ms  DeleteObjects: 0.060300 ms)

========================================================================
Received Prepare
Registering precompiled user dll's ...
Registered in 0.003988 seconds.
Begin MonoManager ReloadAssembly
Symbol file LoadedFromMemory doesn't match image C:\Users\User\Documents\Unity\Main_Project\Library\PackageCache\com.unity.visualscripting@1.6.1\Editor\VisualScripting.Core\Dependencies\YamlDotNet\Unity.VisualScripting.YamlDotNet.dll
Symbol file LoadedFromMemory doesn't match image C:\Users\User\Documents\Unity\Main_Project\Library\PackageCache\com.unity.visualscripting@1.6.1\Editor\VisualScripting.Core\Dependencies\DotNetZip\Unity.VisualScripting.IonicZip.dll
Native extension for WindowsStandalone target not found
Native extension for WebGL target not found
Refreshing native plugins compatible for Editor in 0.54 ms, found 1 plugins.
Preloading 0 native plugins for Editor in 0.00 ms.
Mono: successfully reloaded assembly
- Completed reload, in  0.917 seconds
Platform modules already initialized, skipping
Refreshing native plugins compatible for Editor in 0.46 ms, found 1 plugins.
Preloading 0 native plugins for Editor in 0.00 ms.
Unloading 2717 Unused Serialized files (Serialized files now loaded: 0)
System memory in use before: 108.9 MB.
System memory in use after: 109.1 MB.

Unloading 9 unused Assets to reduce memory usage. Loaded Objects now: 3273.
Total: 1.818800 ms (FindLiveObjects: 0.229900 ms CreateObjectMapping: 0.119000 ms MarkObjects: 1.418100 ms  DeleteObjects: 0.050500 ms)

========================================================================
Received Import Request.
  Time since last request: 368.165760 seconds.
  path: Assets/Prefebs/Enemy A.prefab
  artifactKey: Guid(12b6868db60e8874d888c1b2e097365e) Importer(815301076,1909f56bfc062723c751e8b465ee728b)
Start importing Assets/Prefebs/Enemy A.prefab using Guid(12b6868db60e8874d888c1b2e097365e) Importer(815301076,1909f56bfc062723c751e8b465ee728b)  -> (artifact id: 'e42317e4ba6dc9c56f63712627635249') in 0.127262 seconds 
========================================================================
Received Import Request.
  Time since last request: 16.709530 seconds.
  path: Assets/Prefebs/Enemy B.prefab
  artifactKey: Guid(b87bc2beddfd5fd4a95fe6abfe08d188) Importer(815301076,1909f56bfc062723c751e8b465ee728b)
Start importing Assets/Prefebs/Enemy B.prefab using Guid(b87bc2beddfd5fd4a95fe6abfe08d188) Importer(815301076,1909f56bfc062723c751e8b465ee728b)  -> (artifact id: '333060cd0d7471c5a9ec79324917c6c3') in 0.013952 seconds 
========================================================================
Received Import Request.
  Time since last request: 10.809382 seconds.
  path: Assets/Prefebs/Enemy C.prefab
  artifactKey: Guid(345fb2f7b3e230249a3f0c4afd64aaaf) Importer(815301076,1909f56bfc062723c751e8b465ee728b)
Start importing Assets/Prefebs/Enemy C.prefab using Guid(345fb2f7b3e230249a3f0c4afd64aaaf) Importer(815301076,1909f56bfc062723c751e8b465ee728b)  -> (artifact id: '66e992b81a1aedc47f6848552242c819') in 0.019670 seconds 
========================================================================
Received Prepare
Registering precompiled user dll's ...
Registered in 0.003398 seconds.
Begin MonoManager ReloadAssembly
Symbol file LoadedFromMemory doesn't match image C:\Users\User\Documents\Unity\Main_Project\Library\PackageCache\com.unity.visualscripting@1.6.1\Editor\VisualScripting.Core\Dependencies\YamlDotNet\Unity.VisualScripting.YamlDotNet.dll
Symbol file LoadedFromMemory doesn't match image C:\Users\User\Documents\Unity\Main_Project\Library\PackageCache\com.unity.visualscripting@1.6.1\Editor\VisualScripting.Core\Dependencies\DotNetZip\Unity.VisualScripting.IonicZip.dll
Native extension for WindowsStandalone target not found
Native extension for WebGL target not found
Refreshing native plugins compatible for Editor in 0.57 ms, found 1 plugins.
Preloading 0 native plugins for Editor in 0.00 ms.
Mono: successfully reloaded assembly
- Completed reload, in  0.925 seconds
Platform modules already initialized, skipping
Refreshing native plugins compatible for Editor in 0.53 ms, found 1 plugins.
Preloading 0 native plugins for Editor in 0.00 ms.
Unloading 2717 Unused Serialized files (Serialized files now loaded: 0)
System memory in use before: 108.9 MB.
System memory in use after: 109.1 MB.

Unloading 9 unused Assets to reduce memory usage. Loaded Objects now: 3276.
Total: 2.590300 ms (FindLiveObjects: 0.225100 ms CreateObjectMapping: 0.124200 ms MarkObjects: 2.160400 ms  DeleteObjects: 0.079400 ms)

========================================================================
Received Prepare
Registering precompiled user dll's ...
Registered in 0.003574 seconds.
Begin MonoManager ReloadAssembly
Symbol file LoadedFromMemory doesn't match image C:\Users\User\Documents\Unity\Main_Project\Library\PackageCache\com.unity.visualscripting@1.6.1\Editor\VisualScripting.Core\Dependencies\YamlDotNet\Unity.VisualScripting.YamlDotNet.dll
Symbol file LoadedFromMemory doesn't match image C:\Users\User\Documents\Unity\Main_Project\Library\PackageCache\com.unity.visualscripting@1.6.1\Editor\VisualScripting.Core\Dependencies\DotNetZip\Unity.VisualScripting.IonicZip.dll
Native extension for WindowsStandalone target not found
Native extension for WebGL target not found
Refreshing native plugins compatible for Editor in 0.92 ms, found 1 plugins.
Preloading 0 native plugins for Editor in 0.00 ms.
Mono: successfully reloaded assembly
- Completed reload, in  0.868 seconds
Platform modules already initialized, skipping
Refreshing native plugins compatible for Editor in 0.55 ms, found 1 plugins.
Preloading 0 native plugins for Editor in 0.00 ms.
Unloading 2717 Unused Serialized files (Serialized files now loaded: 0)
System memory in use before: 108.9 MB.
System memory in use after: 109.1 MB.

Unloading 9 unused Assets to reduce memory usage. Loaded Objects now: 3278.
Total: 2.427800 ms (FindLiveObjects: 0.350700 ms CreateObjectMapping: 0.172000 ms MarkObjects: 1.839800 ms  DeleteObjects: 0.063500 ms)

========================================================================
Received Prepare
Registering precompiled user dll's ...
Registered in 0.003272 seconds.
Begin MonoManager ReloadAssembly
Symbol file LoadedFromMemory doesn't match image C:\Users\User\Documents\Unity\Main_Project\Library\PackageCache\com.unity.visualscripting@1.6.1\Editor\VisualScripting.Core\Dependencies\YamlDotNet\Unity.VisualScripting.YamlDotNet.dll
Symbol file LoadedFromMemory doesn't match image C:\Users\User\Documents\Unity\Main_Project\Library\PackageCache\com.unity.visualscripting@1.6.1\Editor\VisualScripting.Core\Dependencies\DotNetZip\Unity.VisualScripting.IonicZip.dll
Native extension for WindowsStandalone target not found
Native extension for WebGL target not found
Refreshing native plugins compatible for Editor in 0.45 ms, found 1 plugins.
Preloading 0 native plugins for Editor in 0.00 ms.
Mono: successfully reloaded assembly
- Completed reload, in  0.870 seconds
Platform modules already initialized, skipping
Refreshing native plugins compatible for Editor in 0.69 ms, found 1 plugins.
Preloading 0 native plugins for Editor in 0.00 ms.
Unloading 2717 Unused Serialized files (Serialized files now loaded: 0)
System memory in use before: 108.9 MB.
System memory in use after: 109.1 MB.

Unloading 9 unused Assets to reduce memory usage. Loaded Objects now: 3280.
Total: 2.701400 ms (FindLiveObjects: 0.242500 ms CreateObjectMapping: 0.141300 ms MarkObjects: 2.238500 ms  DeleteObjects: 0.077600 ms)

========================================================================
Received Prepare
Registering precompiled user dll's ...
Registered in 0.002955 seconds.
Begin MonoManager ReloadAssembly
Symbol file LoadedFromMemory doesn't match image C:\Users\User\Documents\Unity\Main_Project\Library\PackageCache\com.unity.visualscripting@1.6.1\Editor\VisualScripting.Core\Dependencies\YamlDotNet\Unity.VisualScripting.YamlDotNet.dll
Symbol file LoadedFromMemory doesn't match image C:\Users\User\Documents\Unity\Main_Project\Library\PackageCache\com.unity.visualscripting@1.6.1\Editor\VisualScripting.Core\Dependencies\DotNetZip\Unity.VisualScripting.IonicZip.dll
Native extension for WindowsStandalone target not found
Native extension for WebGL target not found
Refreshing native plugins compatible for Editor in 0.66 ms, found 1 plugins.
Preloading 0 native plugins for Editor in 0.00 ms.
Mono: successfully reloaded assembly
- Completed reload, in  0.884 seconds
Platform modules already initialized, skipping
Refreshing native plugins compatible for Editor in 0.87 ms, found 1 plugins.
Preloading 0 native plugins for Editor in 0.00 ms.
Unloading 2717 Unused Serialized files (Serialized files now loaded: 0)
System memory in use before: 108.9 MB.
System memory in use after: 109.1 MB.

Unloading 9 unused Assets to reduce memory usage. Loaded Objects now: 3282.
Total: 2.211500 ms (FindLiveObjects: 0.243200 ms CreateObjectMapping: 0.122700 ms MarkObjects: 1.788600 ms  DeleteObjects: 0.056100 ms)

========================================================================
Received Prepare
Registering precompiled user dll's ...
Registered in 0.002769 seconds.
Begin MonoManager ReloadAssembly
Symbol file LoadedFromMemory doesn't match image C:\Users\User\Documents\Unity\Main_Project\Library\PackageCache\com.unity.visualscripting@1.6.1\Editor\VisualScripting.Core\Dependencies\YamlDotNet\Unity.VisualScripting.YamlDotNet.dll
Symbol file LoadedFromMemory doesn't match image C:\Users\User\Documents\Unity\Main_Project\Library\PackageCache\com.unity.visualscripting@1.6.1\Editor\VisualScripting.Core\Dependencies\DotNetZip\Unity.VisualScripting.IonicZip.dll
Native extension for WindowsStandalone target not found
Native extension for WebGL target not found
Refreshing native plugins compatible for Editor in 0.57 ms, found 1 plugins.
Preloading 0 native plugins for Editor in 0.00 ms.
Mono: successfully reloaded assembly
- Completed reload, in  0.893 seconds
Platform modules already initialized, skipping
Refreshing native plugins compatible for Editor in 0.66 ms, found 1 plugins.
Preloading 0 native plugins for Editor in 0.00 ms.
Unloading 2717 Unused Serialized files (Serialized files now loaded: 0)
System memory in use before: 108.9 MB.
System memory in use after: 109.1 MB.

Unloading 9 unused Assets to reduce memory usage. Loaded Objects now: 3284.
Total: 2.262900 ms (FindLiveObjects: 0.341900 ms CreateObjectMapping: 0.189000 ms MarkObjects: 1.667800 ms  DeleteObjects: 0.063000 ms)

AssetImportWorkerClient::OnTransportError - code=2 error=End of file
